GROUP,PACKAGE,CLASS,INSTRUCTION_MISSED,INSTRUCTION_COVERED,BRANCH_MISSED,BRANCH_COVERED,LINE_MISSED,LINE_COVERED,COMPLEXITY_MISSED,COMPLEXITY_COVERED,METHOD_MISSED,METHOD_COVERED
PupaSv-1.0-SNAPSHOT,sv.edu.ues.occ.ingenieria.tpi135_2025.boundary.resources,JakartaEE10Resource,2,3,0,0,1,1,1,1,1,1
PupaSv-1.0-SNAPSHOT,default,ConstantesGlobales,21,0,0,0,6,0,3,0,3,0
PupaSv-1.0-SNAPSHOT,sv.edu.ues.occ.ingenieria.tpi135_2025.control,AbstractDataAccess,21,446,1,47,5,116,1,33,0,10
PupaSv-1.0-SNAPSHOT,sv.edu.ues.occ.ingenieria.tpi135_2025.control,ProductoDetalleBean,0,216,4,26,0,53,4,17,0,6
PupaSv-1.0-SNAPSHOT,sv.edu.ues.occ.ingenieria.tpi135_2025.control,ComboDetallePKBean,9,0,0,0,4,0,3,0,3,0
PupaSv-1.0-SNAPSHOT,sv.edu.ues.occ.ingenieria.tpi135_2025.control,OrdenBean,0,9,0,0,0,4,0,3,0,3
PupaSv-1.0-SNAPSHOT,sv.edu.ues.occ.ingenieria.tpi135_2025.control,ProductoDetallePKBean,9,0,0,0,4,0,3,0,3,0
PupaSv-1.0-SNAPSHOT,sv.edu.ues.occ.ingenieria.tpi135_2025.control,PagoDetalleBean,56,0,0,0,19,0,6,0,6,0
PupaSv-1.0-SNAPSHOT,sv.edu.ues.occ.ingenieria.tpi135_2025.control,OrdenDetallePKBean,9,0,0,0,4,0,3,0,3,0
PupaSv-1.0-SNAPSHOT,sv.edu.ues.occ.ingenieria.tpi135_2025.control,TipoProductoBean,0,9,0,0,0,4,0,3,0,3
PupaSv-1.0-SNAPSHOT,sv.edu.ues.occ.ingenieria.tpi135_2025.control,ProductoPrecioBean,80,0,4,0,22,0,7,0,5,0
PupaSv-1.0-SNAPSHOT,sv.edu.ues.occ.ingenieria.tpi135_2025.control,PagoBean,59,0,0,0,14,0,5,0,5,0
PupaSv-1.0-SNAPSHOT,sv.edu.ues.occ.ingenieria.tpi135_2025.control,ComboBean,9,0,0,0,4,0,3,0,3,0
PupaSv-1.0-SNAPSHOT,sv.edu.ues.occ.ingenieria.tpi135_2025.control,ComboDetalleBean,179,0,0,0,45,0,10,0,10,0
PupaSv-1.0-SNAPSHOT,sv.edu.ues.occ.ingenieria.tpi135_2025.control,ProductoBean,5,343,8,42,1,92,8,27,0,10
PupaSv-1.0-SNAPSHOT,sv.edu.ues.occ.ingenieria.tpi135_2025.control,OrdenDetalleBean,85,0,0,0,25,0,6,0,6,0
PupaSv-1.0-SNAPSHOT,sv.edu.ues.occ.ingenieria.tpi135_2025.boundary.resources.rest,OrdenResource,105,0,0,0,27,0,6,0,6,0
PupaSv-1.0-SNAPSHOT,sv.edu.ues.occ.ingenieria.tpi135_2025.boundary.resources.rest,ProductoResource,283,0,14,0,54,0,14,0,7,0
PupaSv-1.0-SNAPSHOT,sv.edu.ues.occ.ingenieria.tpi135_2025.boundary.resources.rest,PagoDetalleResource,317,0,32,0,60,0,23,0,7,0
PupaSv-1.0-SNAPSHOT,sv.edu.ues.occ.ingenieria.tpi135_2025.boundary.resources.rest,TipoProductoResource,116,0,0,0,27,0,6,0,6,0
PupaSv-1.0-SNAPSHOT,sv.edu.ues.occ.ingenieria.tpi135_2025.boundary.resources.rest,Headers,3,0,0,0,1,0,1,0,1,0
PupaSv-1.0-SNAPSHOT,sv.edu.ues.occ.ingenieria.tpi135_2025.boundary.resources.rest,ComboResource,11,0,0,0,4,0,4,0,4,0
PupaSv-1.0-SNAPSHOT,sv.edu.ues.occ.ingenieria.tpi135_2025.boundary.resources.rest,TipicosApp,3,0,0,0,1,0,1,0,1,0
PupaSv-1.0-SNAPSHOT,sv.edu.ues.occ.ingenieria.tpi135_2025.boundary.resources.rest,GeneralRest,80,0,12,0,16,0,8,0,2,0
PupaSv-1.0-SNAPSHOT,sv.edu.ues.occ.ingenieria.tpi135_2025.boundary.resources.rest,CORSFilter,43,0,2,0,13,0,3,0,2,0
PupaSv-1.0-SNAPSHOT,sv.edu.ues.occ.ingenieria.tpi135_2025.boundary.resources.rest,AbstracDataResource,261,0,24,0,50,0,18,0,6,0
PupaSv-1.0-SNAPSHOT,sv.edu.ues.occ.ingenieria.tpi135_2025.rest,JakartaRestConfiguration,3,0,0,0,1,0,1,0,1,0
PupaSv-1.0-SNAPSHOT,sv.edu.ues.occ.ingenieria.tpi135_2025.entity,ProductoDetallePK,10,62,1,5,5,20,3,9,2,7
PupaSv-1.0-SNAPSHOT,sv.edu.ues.occ.ingenieria.tpi135_2025.entity,Pago,94,3,12,0,31,2,22,1,16,1
PupaSv-1.0-SNAPSHOT,sv.edu.ues.occ.ingenieria.tpi135_2025.entity,Orden,25,72,6,6,9,24,10,13,5,12
PupaSv-1.0-SNAPSHOT,sv.edu.ues.occ.ingenieria.tpi135_2025.entity,OrdenDetallePK,43,31,3,3,14,11,8,4,5,4
PupaSv-1.0-SNAPSHOT,sv.edu.ues.occ.ingenieria.tpi135_2025.entity,Combo,87,3,12,0,28,2,20,1,14,1
PupaSv-1.0-SNAPSHOT,sv.edu.ues.occ.ingenieria.tpi135_2025.entity,OrdenDetalle,86,31,8,4,30,10,21,4,15,4
PupaSv-1.0-SNAPSHOT,sv.edu.ues.occ.ingenieria.tpi135_2025.entity,Producto,52,52,11,1,15,21,13,12,7,12
PupaSv-1.0-SNAPSHOT,sv.edu.ues.occ.ingenieria.tpi135_2025.entity,PagoDetalle,80,3,12,0,25,2,18,1,12,1
PupaSv-1.0-SNAPSHOT,sv.edu.ues.occ.ingenieria.tpi135_2025.entity,ComboDetalle,78,23,8,4,27,6,20,2,14,2
PupaSv-1.0-SNAPSHOT,sv.edu.ues.occ.ingenieria.tpi135_2025.entity,ProductoPrecio,37,60,7,5,14,19,12,11,6,11
PupaSv-1.0-SNAPSHOT,sv.edu.ues.occ.ingenieria.tpi135_2025.entity,TipoProducto,47,52,10,2,14,20,10,12,5,11
PupaSv-1.0-SNAPSHOT,sv.edu.ues.occ.ingenieria.tpi135_2025.entity,ComboDetallePK,51,23,3,3,18,7,10,2,7,2
PupaSv-1.0-SNAPSHOT,sv.edu.ues.occ.ingenieria.tpi135_2025.entity,ProductoDetalle,14,87,6,6,5,28,7,15,2,14
