GROUP,PACKAGE,CLASS,INSTRUCTION_MISSED,INSTRUCTION_COVERED,BRANCH_MISSED,BRANCH_COVERED,LINE_MISSED,LINE_COVERED,COMPLEXITY_MISSED,COMPLEXITY_COVERED,METHOD_MISSED,METHOD_COVERED
PupaSv-1.0-SNAPSHOT,sv.edu.ues.occ.ingenieria.tpi135_2025.boundary.resources,JakartaEE10Resource,2,3,0,0,1,1,1,1,1,1
PupaSv-1.0-SNAPSHOT,default,ConstantesGlobales,21,0,0,0,6,0,3,0,3,0
PupaSv-1.0-SNAPSHOT,sv.edu.ues.occ.ingenieria.tpi135_2025.control,AbstractDataAccess,21,446,0,48,5,116,0,34,0,10
PupaSv-1.0-SNAPSHOT,sv.edu.ues.occ.ingenieria.tpi135_2025.control,ProductoDetalleBean,0,392,6,50,0,95,6,30,0,8
PupaSv-1.0-SNAPSHOT,sv.edu.ues.occ.ingenieria.tpi135_2025.control,OrdenBean,0,9,0,0,0,4,0,3,0,3
PupaSv-1.0-SNAPSHOT,sv.edu.ues.occ.ingenieria.tpi135_2025.control,ProductoDetallePKBean,9,0,0,0,4,0,3,0,3,0
PupaSv-1.0-SNAPSHOT,sv.edu.ues.occ.ingenieria.tpi135_2025.control,PagoDetalleBean,0,394,4,34,0,98,4,26,0,11
PupaSv-1.0-SNAPSHOT,sv.edu.ues.occ.ingenieria.tpi135_2025.control,TipoProductoBean,0,9,0,0,0,4,0,3,0,3
PupaSv-1.0-SNAPSHOT,sv.edu.ues.occ.ingenieria.tpi135_2025.control,ProductoPrecioBean,0,80,0,4,0,22,0,7,0,5
PupaSv-1.0-SNAPSHOT,sv.edu.ues.occ.ingenieria.tpi135_2025.control,PagoBean,59,0,0,0,14,0,5,0,5,0
PupaSv-1.0-SNAPSHOT,sv.edu.ues.occ.ingenieria.tpi135_2025.control,ComboBean,42,49,4,8,12,13,5,6,1,4
PupaSv-1.0-SNAPSHOT,sv.edu.ues.occ.ingenieria.tpi135_2025.control,ComboDetalleBean,172,7,0,0,42,3,8,2,8,2
PupaSv-1.0-SNAPSHOT,sv.edu.ues.occ.ingenieria.tpi135_2025.control,ProductoBean,5,343,8,42,1,92,8,27,0,10
PupaSv-1.0-SNAPSHOT,sv.edu.ues.occ.ingenieria.tpi135_2025.control,OrdenDetalleBean,22,419,13,59,6,112,14,32,1,9
PupaSv-1.0-SNAPSHOT,sv.edu.ues.occ.ingenieria.tpi135_2025.boundary.resources.rest,OrdenResource,105,0,0,0,27,0,6,0,6,0
PupaSv-1.0-SNAPSHOT,sv.edu.ues.occ.ingenieria.tpi135_2025.boundary.resources.rest,ProductoResource,283,0,14,0,54,0,14,0,7,0
PupaSv-1.0-SNAPSHOT,sv.edu.ues.occ.ingenieria.tpi135_2025.boundary.resources.rest,PagoDetalleResource,190,0,10,0,44,0,11,0,6,0
PupaSv-1.0-SNAPSHOT,sv.edu.ues.occ.ingenieria.tpi135_2025.boundary.resources.rest,TipoProductoResource,116,0,0,0,27,0,6,0,6,0
PupaSv-1.0-SNAPSHOT,sv.edu.ues.occ.ingenieria.tpi135_2025.boundary.resources.rest,Headers,3,0,0,0,1,0,1,0,1,0
PupaSv-1.0-SNAPSHOT,sv.edu.ues.occ.ingenieria.tpi135_2025.boundary.resources.rest,ComboResource,101,0,0,0,27,0,6,0,6,0
PupaSv-1.0-SNAPSHOT,sv.edu.ues.occ.ingenieria.tpi135_2025.boundary.resources.rest,ProductoDetalleResource,128,0,0,0,27,0,6,0,6,0
PupaSv-1.0-SNAPSHOT,sv.edu.ues.occ.ingenieria.tpi135_2025.boundary.resources.rest,TipicosApp,3,0,0,0,1,0,1,0,1,0
PupaSv-1.0-SNAPSHOT,sv.edu.ues.occ.ingenieria.tpi135_2025.boundary.resources.rest,GeneralRest,154,0,14,0,25,0,9,0,2,0
PupaSv-1.0-SNAPSHOT,sv.edu.ues.occ.ingenieria.tpi135_2025.boundary.resources.rest,CORSFilter,43,0,2,0,13,0,3,0,2,0
PupaSv-1.0-SNAPSHOT,sv.edu.ues.occ.ingenieria.tpi135_2025.boundary.resources.rest,AbstracDataResource,261,0,24,0,50,0,18,0,6,0
PupaSv-1.0-SNAPSHOT,sv.edu.ues.occ.ingenieria.tpi135_2025.rest,JakartaRestConfiguration,3,0,0,0,1,0,1,0,1,0
PupaSv-1.0-SNAPSHOT,sv.edu.ues.occ.ingenieria.tpi135_2025.entity,ProductoDetallePK,25,47,2,4,7,18,4,8,2,7
PupaSv-1.0-SNAPSHOT,sv.edu.ues.occ.ingenieria.tpi135_2025.entity,Pago,60,37,8,4,20,13,18,5,12,5
PupaSv-1.0-SNAPSHOT,sv.edu.ues.occ.ingenieria.tpi135_2025.entity,Orden,25,72,6,6,9,24,10,13,5,12
PupaSv-1.0-SNAPSHOT,sv.edu.ues.occ.ingenieria.tpi135_2025.entity,OrdenDetallePK,42,32,3,3,14,11,9,3,6,3
PupaSv-1.0-SNAPSHOT,sv.edu.ues.occ.ingenieria.tpi135_2025.entity,Combo,11,79,6,6,4,26,6,15,1,14
PupaSv-1.0-SNAPSHOT,sv.edu.ues.occ.ingenieria.tpi135_2025.entity,OrdenDetalle,53,64,5,7,19,21,12,13,8,11
PupaSv-1.0-SNAPSHOT,sv.edu.ues.occ.ingenieria.tpi135_2025.entity,Producto,32,72,6,6,12,24,12,13,7,12
PupaSv-1.0-SNAPSHOT,sv.edu.ues.occ.ingenieria.tpi135_2025.entity,PagoDetalle,38,45,11,1,8,19,9,10,3,10
PupaSv-1.0-SNAPSHOT,sv.edu.ues.occ.ingenieria.tpi135_2025.entity,ComboDetalle,49,52,7,5,15,18,12,10,7,9
PupaSv-1.0-SNAPSHOT,sv.edu.ues.occ.ingenieria.tpi135_2025.entity,ProductoPrecio,54,43,5,7,19,14,15,8,11,6
PupaSv-1.0-SNAPSHOT,sv.edu.ues.occ.ingenieria.tpi135_2025.entity,TipoProducto,47,52,10,2,14,20,10,12,5,11
PupaSv-1.0-SNAPSHOT,sv.edu.ues.occ.ingenieria.tpi135_2025.entity,ComboDetallePK,26,48,2,4,8,17,5,7,3,6
PupaSv-1.0-SNAPSHOT,sv.edu.ues.occ.ingenieria.tpi135_2025.entity,ProductoDetalle,14,87,6,6,2,31,6,16,1,15
