GROUP,PACKAGE,CLASS,INSTRUCTION_MISSED,INSTRUCTION_COVERED,BRANCH_MISSED,BRANCH_COVERED,LINE_MISSED,LINE_COVERED,COMPLEXITY_MISSED,COMPLEXITY_COVERED,METHOD_MISSED,METHOD_COVERED
PupaSv-1.0-SNAPSHOT,sv.edu.ues.occ.ingenieria.tpi135_2025.boundary.resources,JakartaEE10Resource,2,3,0,0,1,1,1,1,1,1
PupaSv-1.0-SNAPSHOT,default,ConstantesGlobales,21,0,0,0,6,0,3,0,3,0
PupaSv-1.0-SNAPSHOT,sv.edu.ues.occ.ingenieria.tpi135_2025.control,AbstractDataAccess,25,350,3,23,5,93,3,18,0,8
PupaSv-1.0-SNAPSHOT,sv.edu.ues.occ.ingenieria.tpi135_2025.control,ProductoDetalleBean,65,0,0,0,20,0,5,0,5,0
PupaSv-1.0-SNAPSHOT,sv.edu.ues.occ.ingenieria.tpi135_2025.control,ComboDetallePKBean,9,0,0,0,4,0,3,0,3,0
PupaSv-1.0-SNAPSHOT,sv.edu.ues.occ.ingenieria.tpi135_2025.control,OrdenBean,0,9,0,0,0,4,0,3,0,3
PupaSv-1.0-SNAPSHOT,sv.edu.ues.occ.ingenieria.tpi135_2025.control,ProductoDetallePKBean,9,0,0,0,4,0,3,0,3,0
PupaSv-1.0-SNAPSHOT,sv.edu.ues.occ.ingenieria.tpi135_2025.control,PagoDetalleBean,13,0,0,0,6,0,4,0,4,0
PupaSv-1.0-SNAPSHOT,sv.edu.ues.occ.ingenieria.tpi135_2025.control,OrdenDetallePKBean,9,0,0,0,4,0,3,0,3,0
PupaSv-1.0-SNAPSHOT,sv.edu.ues.occ.ingenieria.tpi135_2025.control,TipoProductoBean,9,0,0,0,4,0,3,0,3,0
PupaSv-1.0-SNAPSHOT,sv.edu.ues.occ.ingenieria.tpi135_2025.control,ProductoPrecioBean,59,0,0,0,18,0,5,0,5,0
PupaSv-1.0-SNAPSHOT,sv.edu.ues.occ.ingenieria.tpi135_2025.control,PagoBean,9,0,0,0,4,0,3,0,3,0
PupaSv-1.0-SNAPSHOT,sv.edu.ues.occ.ingenieria.tpi135_2025.control,ComboBean,9,0,0,0,4,0,3,0,3,0
PupaSv-1.0-SNAPSHOT,sv.edu.ues.occ.ingenieria.tpi135_2025.control,ComboDetalleBean,9,0,0,0,4,0,3,0,3,0
PupaSv-1.0-SNAPSHOT,sv.edu.ues.occ.ingenieria.tpi135_2025.control,ProductoBean,61,0,0,0,18,0,5,0,5,0
PupaSv-1.0-SNAPSHOT,sv.edu.ues.occ.ingenieria.tpi135_2025.control,OrdenDetalleBean,59,0,0,0,18,0,5,0,5,0
PupaSv-1.0-SNAPSHOT,sv.edu.ues.occ.ingenieria.tpi135_2025.boundary.resources.rest,ProductoPrecioResource,181,0,18,0,35,0,13,0,4,0
PupaSv-1.0-SNAPSHOT,sv.edu.ues.occ.ingenieria.tpi135_2025.boundary.resources.rest,OrdenResource,11,0,0,0,4,0,4,0,4,0
PupaSv-1.0-SNAPSHOT,sv.edu.ues.occ.ingenieria.tpi135_2025.boundary.resources.rest,OrdenDetalleResource,88,0,10,0,19,0,7,0,2,0
PupaSv-1.0-SNAPSHOT,sv.edu.ues.occ.ingenieria.tpi135_2025.boundary.resources.rest,ProductoResource,360,0,32,0,73,0,23,0,7,0
PupaSv-1.0-SNAPSHOT,sv.edu.ues.occ.ingenieria.tpi135_2025.boundary.resources.rest,TipoProductoResource,249,0,24,0,49,0,18,0,6,0
PupaSv-1.0-SNAPSHOT,sv.edu.ues.occ.ingenieria.tpi135_2025.boundary.resources.rest,Headers,3,0,0,0,1,0,1,0,1,0
PupaSv-1.0-SNAPSHOT,sv.edu.ues.occ.ingenieria.tpi135_2025.boundary.resources.rest,ProductoDetalleResource,248,0,24,0,48,0,18,0,6,0
PupaSv-1.0-SNAPSHOT,sv.edu.ues.occ.ingenieria.tpi135_2025.boundary.resources.rest,TipicosApp,3,0,0,0,1,0,1,0,1,0
PupaSv-1.0-SNAPSHOT,sv.edu.ues.occ.ingenieria.tpi135_2025.boundary.resources.rest,CORSFilter,43,0,2,0,13,0,3,0,2,0
PupaSv-1.0-SNAPSHOT,sv.edu.ues.occ.ingenieria.tpi135_2025.boundary.resources.rest,AbstracDataResource,261,0,24,0,51,0,18,0,6,0
PupaSv-1.0-SNAPSHOT,sv.edu.ues.occ.ingenieria.tpi135_2025.rest,JakartaRestConfiguration,3,0,0,0,1,0,1,0,1,0
PupaSv-1.0-SNAPSHOT,sv.edu.ues.occ.ingenieria.tpi135_2025.entity,ProductoDetallePK,72,0,6,0,25,0,12,0,9,0
PupaSv-1.0-SNAPSHOT,sv.edu.ues.occ.ingenieria.tpi135_2025.entity,Pago,97,0,12,0,33,0,23,0,17,0
PupaSv-1.0-SNAPSHOT,sv.edu.ues.occ.ingenieria.tpi135_2025.entity,Orden,64,33,8,4,23,10,19,4,13,4
PupaSv-1.0-SNAPSHOT,sv.edu.ues.occ.ingenieria.tpi135_2025.entity,OrdenDetallePK,74,0,6,0,25,0,12,0,9,0
PupaSv-1.0-SNAPSHOT,sv.edu.ues.occ.ingenieria.tpi135_2025.entity,Combo,90,0,12,0,30,0,21,0,15,0
PupaSv-1.0-SNAPSHOT,sv.edu.ues.occ.ingenieria.tpi135_2025.entity,OrdenDetalle,117,0,12,0,40,0,25,0,19,0
PupaSv-1.0-SNAPSHOT,sv.edu.ues.occ.ingenieria.tpi135_2025.entity,Producto,104,0,12,0,36,0,25,0,19,0
PupaSv-1.0-SNAPSHOT,sv.edu.ues.occ.ingenieria.tpi135_2025.entity,PagoDetalle,83,0,12,0,27,0,19,0,13,0
PupaSv-1.0-SNAPSHOT,sv.edu.ues.occ.ingenieria.tpi135_2025.entity,ComboDetalle,101,0,12,0,33,0,22,0,16,0
PupaSv-1.0-SNAPSHOT,sv.edu.ues.occ.ingenieria.tpi135_2025.entity,ProductoPrecio,97,0,12,0,33,0,23,0,17,0
PupaSv-1.0-SNAPSHOT,sv.edu.ues.occ.ingenieria.tpi135_2025.entity,TipoProducto,99,0,12,0,34,0,22,0,16,0
PupaSv-1.0-SNAPSHOT,sv.edu.ues.occ.ingenieria.tpi135_2025.entity,ComboDetallePK,74,0,6,0,25,0,12,0,9,0
PupaSv-1.0-SNAPSHOT,sv.edu.ues.occ.ingenieria.tpi135_2025.entity,ProductoDetalle,101,0,12,0,33,0,22,0,16,0
