<?xml version="1.0" encoding="UTF-8"?>
<testsuite xmlns:xsi="http://www.w3.org/2001/XMLSchema-instance" xsi:noNamespaceSchemaLocation="https://maven.apache.org/surefire/maven-surefire-plugin/xsd/surefire-test-report-3.0.xsd" version="3.0" name="sv.edu.ues.occ.ingenieria.tpi135_2025.control.PagoDetalleBeanTest" time="0.125" tests="6" errors="0" skipped="0" failures="0">
  <properties>
[...]
</properties>
  <testcase name="calculoPorOrden" classname="sv.edu.ues.occ.ingenieria.tpi135_2025.control.PagoDetalleBeanTest" time="0.009">
    <system-out><![CDATA[ProductoDetalle test calculoPorOrden
]]></system-out>
  </testcase>
  <testcase name="countByIdPago" classname="sv.edu.ues.occ.ingenieria.tpi135_2025.control.PagoDetalleBeanTest" time="0.009">
    <system-out><![CDATA[test countByIdPago
]]></system-out>
  </testcase>
  <testcase name="calculoProducto" classname="sv.edu.ues.occ.ingenieria.tpi135_2025.control.PagoDetalleBeanTest" time="0.007">
    <system-out><![CDATA[ProductoDetalle test calculoProducto
]]></system-out>
  </testcase>
  <testcase name="calculoProductos" classname="sv.edu.ues.occ.ingenieria.tpi135_2025.control.PagoDetalleBeanTest" time="0.072">
    <system-out><![CDATA[ProductoDetalle test calculoProductos
]]></system-out>
  </testcase>
  <testcase name="findByIdPago" classname="sv.edu.ues.occ.ingenieria.tpi135_2025.control.PagoDetalleBeanTest" time="0.007">
    <system-out><![CDATA[test findByIdPago
]]></system-out>
  </testcase>
  <testcase name="createDetalles" classname="sv.edu.ues.occ.ingenieria.tpi135_2025.control.PagoDetalleBeanTest" time="0.011">
    <system-out><![CDATA[ProductoDetalle test createDetalles
]]></system-out>
  </testcase>
</testsuite>