<?xml version="1.0" encoding="UTF-8"?>
<testsuite xmlns:xsi="http://www.w3.org/2001/XMLSchema-instance" xsi:noNamespaceSchemaLocation="https://maven.apache.org/surefire/maven-failsafe-plugin/xsd/failsafe-test-report.xsd" version="3.0.2" name="sv.edu.ues.occ.ingenieria.tpi135_2025.control.ProductoBeanIT" time="1.937" tests="12" errors="12" skipped="0" failures="0">
  <properties>
[...]
</properties>
  <testcase name="createProducto" classname="sv.edu.ues.occ.ingenieria.tpi135_2025.control.ProductoBeanIT" time="0.006">
    <error message="Exception [EclipseLink-4002] (Eclipse Persistence Services - 4.0.5.v202412231137-a96b873527f305f932543045c8679bb1de8d3a43): org.eclipse.persistence.exceptions.DatabaseException&#10;Internal Exception: org.postgresql.util.PSQLException: El intento de conexión falló.&#10;Error Code: 0" type="jakarta.persistence.PersistenceException"><![CDATA[jakarta.persistence.PersistenceException: 
Exception [EclipseLink-4002] (Eclipse Persistence Services - 4.0.5.v202412231137-a96b873527f305f932543045c8679bb1de8d3a43): org.eclipse.persistence.exceptions.DatabaseException
Internal Exception: org.postgresql.util.PSQLException: El intento de conexión falló.
Error Code: 0
	at org.eclipse.persistence.internal.jpa.EntityManagerSetupImpl.deploy(EntityManagerSetupImpl.java:855)
	at org.eclipse.persistence.internal.jpa.EntityManagerFactoryDelegate.getAbstractSession(EntityManagerFactoryDelegate.java:226)
	at org.eclipse.persistence.internal.jpa.EntityManagerFactoryDelegate.createEntityManagerImpl(EntityManagerFactoryDelegate.java:340)
	at org.eclipse.persistence.internal.jpa.EntityManagerFactoryImpl.createEntityManagerImpl(EntityManagerFactoryImpl.java:343)
	at org.eclipse.persistence.internal.jpa.EntityManagerFactoryImpl.createEntityManager(EntityManagerFactoryImpl.java:306)
	at sv.edu.ues.occ.ingenieria.tpi135_2025.control.ProductoBeanIT.createProducto(ProductoBeanIT.java:38)
	at java.base/java.lang.reflect.Method.invoke(Method.java:580)
	at java.base/java.util.ArrayList.forEach(ArrayList.java:1596)
	at java.base/java.util.ArrayList.forEach(ArrayList.java:1596)
Caused by: Exception [EclipseLink-4002] (Eclipse Persistence Services - 4.0.5.v202412231137-a96b873527f305f932543045c8679bb1de8d3a43): org.eclipse.persistence.exceptions.DatabaseException
Internal Exception: org.postgresql.util.PSQLException: El intento de conexión falló.
Error Code: 0
	at org.eclipse.persistence.exceptions.DatabaseException.sqlException(DatabaseException.java:334)
	at org.eclipse.persistence.exceptions.DatabaseException.sqlException(DatabaseException.java:329)
	at org.eclipse.persistence.sessions.DefaultConnector.connect(DefaultConnector.java:142)
	at org.eclipse.persistence.sessions.DatasourceLogin.connectToDatasource(DatasourceLogin.java:174)
	at org.eclipse.persistence.internal.sessions.DatabaseSessionImpl.setOrDetectDatasource(DatabaseSessionImpl.java:226)
	at org.eclipse.persistence.internal.sessions.DatabaseSessionImpl.loginAndDetectDatasource(DatabaseSessionImpl.java:809)
	at org.eclipse.persistence.internal.jpa.EntityManagerFactoryProvider.login(EntityManagerFactoryProvider.java:259)
	at org.eclipse.persistence.internal.jpa.EntityManagerSetupImpl.deploy(EntityManagerSetupImpl.java:770)
	... 8 more
Caused by: org.postgresql.util.PSQLException: El intento de conexión falló.
	at org.postgresql.core.v3.ConnectionFactoryImpl.openConnectionImpl(ConnectionFactoryImpl.java:358)
	at org.postgresql.core.ConnectionFactory.openConnection(ConnectionFactory.java:54)
	at org.postgresql.jdbc.PgConnection.<init>(PgConnection.java:273)
	at org.postgresql.Driver.makeConnection(Driver.java:446)
	at org.postgresql.Driver.connect(Driver.java:298)
	at java.sql/java.sql.DriverManager.getConnection(DriverManager.java:683)
	at java.sql/java.sql.DriverManager.getConnection(DriverManager.java:191)
	at org.eclipse.persistence.sessions.DefaultConnector.connect(DefaultConnector.java:102)
	... 13 more
Caused by: java.net.UnknownHostException: db
	at java.base/sun.nio.ch.NioSocketImpl.connect(NioSocketImpl.java:567)
	at java.base/java.net.SocksSocketImpl.connect(SocksSocketImpl.java:327)
	at java.base/java.net.Socket.connect(Socket.java:751)
	at org.postgresql.core.PGStream.createSocket(PGStream.java:243)
	at org.postgresql.core.PGStream.<init>(PGStream.java:98)
	at org.postgresql.core.v3.ConnectionFactoryImpl.tryConnect(ConnectionFactoryImpl.java:136)
	at org.postgresql.core.v3.ConnectionFactoryImpl.openConnectionImpl(ConnectionFactoryImpl.java:262)
	... 20 more
]]></error>
    <system-out><![CDATA[Producto testIT create
[EL Info]: 2025-04-09 11:03:31.707--ServerSession(327135649)--EclipseLink, version: Eclipse Persistence Services - 4.0.5.v202412231137-a96b873527f305f932543045c8679bb1de8d3a43
[EL Severe]: ejb: 2025-04-09 11:03:31.708--ServerSession(327135649)--Exception [EclipseLink-4002] (Eclipse Persistence Services - 4.0.5.v202412231137-a96b873527f305f932543045c8679bb1de8d3a43): org.eclipse.persistence.exceptions.DatabaseException
Internal Exception: org.postgresql.util.PSQLException: El intento de conexión falló.
Error Code: 0
]]></system-out>
  </testcase>
  <testcase name="findRange" classname="sv.edu.ues.occ.ingenieria.tpi135_2025.control.ProductoBeanIT" time="0.004">
    <error message="Exception [EclipseLink-4002] (Eclipse Persistence Services - 4.0.5.v202412231137-a96b873527f305f932543045c8679bb1de8d3a43): org.eclipse.persistence.exceptions.DatabaseException&#10;Internal Exception: org.postgresql.util.PSQLException: El intento de conexión falló.&#10;Error Code: 0" type="jakarta.persistence.PersistenceException"><![CDATA[jakarta.persistence.PersistenceException: 
Exception [EclipseLink-4002] (Eclipse Persistence Services - 4.0.5.v202412231137-a96b873527f305f932543045c8679bb1de8d3a43): org.eclipse.persistence.exceptions.DatabaseException
Internal Exception: org.postgresql.util.PSQLException: El intento de conexión falló.
Error Code: 0
	at org.eclipse.persistence.internal.jpa.EntityManagerSetupImpl.deploy(EntityManagerSetupImpl.java:855)
	at org.eclipse.persistence.internal.jpa.EntityManagerFactoryDelegate.getAbstractSession(EntityManagerFactoryDelegate.java:226)
	at org.eclipse.persistence.internal.jpa.EntityManagerFactoryDelegate.createEntityManagerImpl(EntityManagerFactoryDelegate.java:340)
	at org.eclipse.persistence.internal.jpa.EntityManagerFactoryImpl.createEntityManagerImpl(EntityManagerFactoryImpl.java:343)
	at org.eclipse.persistence.internal.jpa.EntityManagerFactoryImpl.createEntityManager(EntityManagerFactoryImpl.java:306)
	at sv.edu.ues.occ.ingenieria.tpi135_2025.control.ProductoBeanIT.findRange(ProductoBeanIT.java:64)
	at java.base/java.lang.reflect.Method.invoke(Method.java:580)
	at java.base/java.util.ArrayList.forEach(ArrayList.java:1596)
	at java.base/java.util.ArrayList.forEach(ArrayList.java:1596)
Caused by: Exception [EclipseLink-4002] (Eclipse Persistence Services - 4.0.5.v202412231137-a96b873527f305f932543045c8679bb1de8d3a43): org.eclipse.persistence.exceptions.DatabaseException
Internal Exception: org.postgresql.util.PSQLException: El intento de conexión falló.
Error Code: 0
	at org.eclipse.persistence.exceptions.DatabaseException.sqlException(DatabaseException.java:334)
	at org.eclipse.persistence.exceptions.DatabaseException.sqlException(DatabaseException.java:329)
	at org.eclipse.persistence.sessions.DefaultConnector.connect(DefaultConnector.java:142)
	at org.eclipse.persistence.sessions.DatasourceLogin.connectToDatasource(DatasourceLogin.java:174)
	at org.eclipse.persistence.internal.sessions.DatabaseSessionImpl.setOrDetectDatasource(DatabaseSessionImpl.java:226)
	at org.eclipse.persistence.internal.sessions.DatabaseSessionImpl.loginAndDetectDatasource(DatabaseSessionImpl.java:809)
	at org.eclipse.persistence.internal.jpa.EntityManagerFactoryProvider.login(EntityManagerFactoryProvider.java:259)
	at org.eclipse.persistence.internal.jpa.EntityManagerSetupImpl.deploy(EntityManagerSetupImpl.java:770)
	... 8 more
Caused by: org.postgresql.util.PSQLException: El intento de conexión falló.
	at org.postgresql.core.v3.ConnectionFactoryImpl.openConnectionImpl(ConnectionFactoryImpl.java:358)
	at org.postgresql.core.ConnectionFactory.openConnection(ConnectionFactory.java:54)
	at org.postgresql.jdbc.PgConnection.<init>(PgConnection.java:273)
	at org.postgresql.Driver.makeConnection(Driver.java:446)
	at org.postgresql.Driver.connect(Driver.java:298)
	at java.sql/java.sql.DriverManager.getConnection(DriverManager.java:683)
	at java.sql/java.sql.DriverManager.getConnection(DriverManager.java:191)
	at org.eclipse.persistence.sessions.DefaultConnector.connect(DefaultConnector.java:102)
	... 13 more
Caused by: java.net.UnknownHostException: db
	at java.base/sun.nio.ch.NioSocketImpl.connect(NioSocketImpl.java:567)
	at java.base/java.net.SocksSocketImpl.connect(SocksSocketImpl.java:327)
	at java.base/java.net.Socket.connect(Socket.java:751)
	at org.postgresql.core.PGStream.createSocket(PGStream.java:243)
	at org.postgresql.core.PGStream.<init>(PGStream.java:98)
	at org.postgresql.core.v3.ConnectionFactoryImpl.tryConnect(ConnectionFactoryImpl.java:136)
	at org.postgresql.core.v3.ConnectionFactoryImpl.openConnectionImpl(ConnectionFactoryImpl.java:262)
	... 20 more
]]></error>
    <system-out><![CDATA[Producto testIT findRange
[EL Info]: 2025-04-09 11:03:31.712--ServerSession(327135649)--EclipseLink, version: Eclipse Persistence Services - 4.0.5.v202412231137-a96b873527f305f932543045c8679bb1de8d3a43
[EL Severe]: ejb: 2025-04-09 11:03:31.713--ServerSession(327135649)--Exception [EclipseLink-4002] (Eclipse Persistence Services - 4.0.5.v202412231137-a96b873527f305f932543045c8679bb1de8d3a43): org.eclipse.persistence.exceptions.DatabaseException
Internal Exception: org.postgresql.util.PSQLException: El intento de conexión falló.
Error Code: 0
]]></system-out>
  </testcase>
  <testcase name="findAll" classname="sv.edu.ues.occ.ingenieria.tpi135_2025.control.ProductoBeanIT" time="0.003">
    <error message="Exception [EclipseLink-4002] (Eclipse Persistence Services - 4.0.5.v202412231137-a96b873527f305f932543045c8679bb1de8d3a43): org.eclipse.persistence.exceptions.DatabaseException&#10;Internal Exception: org.postgresql.util.PSQLException: El intento de conexión falló.&#10;Error Code: 0" type="jakarta.persistence.PersistenceException"><![CDATA[jakarta.persistence.PersistenceException: 
Exception [EclipseLink-4002] (Eclipse Persistence Services - 4.0.5.v202412231137-a96b873527f305f932543045c8679bb1de8d3a43): org.eclipse.persistence.exceptions.DatabaseException
Internal Exception: org.postgresql.util.PSQLException: El intento de conexión falló.
Error Code: 0
	at org.eclipse.persistence.internal.jpa.EntityManagerSetupImpl.deploy(EntityManagerSetupImpl.java:855)
	at org.eclipse.persistence.internal.jpa.EntityManagerFactoryDelegate.getAbstractSession(EntityManagerFactoryDelegate.java:226)
	at org.eclipse.persistence.internal.jpa.EntityManagerFactoryDelegate.createEntityManagerImpl(EntityManagerFactoryDelegate.java:340)
	at org.eclipse.persistence.internal.jpa.EntityManagerFactoryImpl.createEntityManagerImpl(EntityManagerFactoryImpl.java:343)
	at org.eclipse.persistence.internal.jpa.EntityManagerFactoryImpl.createEntityManager(EntityManagerFactoryImpl.java:306)
	at sv.edu.ues.occ.ingenieria.tpi135_2025.control.ProductoBeanIT.findAll(ProductoBeanIT.java:91)
	at java.base/java.lang.reflect.Method.invoke(Method.java:580)
	at java.base/java.util.ArrayList.forEach(ArrayList.java:1596)
	at java.base/java.util.ArrayList.forEach(ArrayList.java:1596)
Caused by: Exception [EclipseLink-4002] (Eclipse Persistence Services - 4.0.5.v202412231137-a96b873527f305f932543045c8679bb1de8d3a43): org.eclipse.persistence.exceptions.DatabaseException
Internal Exception: org.postgresql.util.PSQLException: El intento de conexión falló.
Error Code: 0
	at org.eclipse.persistence.exceptions.DatabaseException.sqlException(DatabaseException.java:334)
	at org.eclipse.persistence.exceptions.DatabaseException.sqlException(DatabaseException.java:329)
	at org.eclipse.persistence.sessions.DefaultConnector.connect(DefaultConnector.java:142)
	at org.eclipse.persistence.sessions.DatasourceLogin.connectToDatasource(DatasourceLogin.java:174)
	at org.eclipse.persistence.internal.sessions.DatabaseSessionImpl.setOrDetectDatasource(DatabaseSessionImpl.java:226)
	at org.eclipse.persistence.internal.sessions.DatabaseSessionImpl.loginAndDetectDatasource(DatabaseSessionImpl.java:809)
	at org.eclipse.persistence.internal.jpa.EntityManagerFactoryProvider.login(EntityManagerFactoryProvider.java:259)
	at org.eclipse.persistence.internal.jpa.EntityManagerSetupImpl.deploy(EntityManagerSetupImpl.java:770)
	... 8 more
Caused by: org.postgresql.util.PSQLException: El intento de conexión falló.
	at org.postgresql.core.v3.ConnectionFactoryImpl.openConnectionImpl(ConnectionFactoryImpl.java:358)
	at org.postgresql.core.ConnectionFactory.openConnection(ConnectionFactory.java:54)
	at org.postgresql.jdbc.PgConnection.<init>(PgConnection.java:273)
	at org.postgresql.Driver.makeConnection(Driver.java:446)
	at org.postgresql.Driver.connect(Driver.java:298)
	at java.sql/java.sql.DriverManager.getConnection(DriverManager.java:683)
	at java.sql/java.sql.DriverManager.getConnection(DriverManager.java:191)
	at org.eclipse.persistence.sessions.DefaultConnector.connect(DefaultConnector.java:102)
	... 13 more
Caused by: java.net.UnknownHostException: db
	at java.base/sun.nio.ch.NioSocketImpl.connect(NioSocketImpl.java:567)
	at java.base/java.net.SocksSocketImpl.connect(SocksSocketImpl.java:327)
	at java.base/java.net.Socket.connect(Socket.java:751)
	at org.postgresql.core.PGStream.createSocket(PGStream.java:243)
	at org.postgresql.core.PGStream.<init>(PGStream.java:98)
	at org.postgresql.core.v3.ConnectionFactoryImpl.tryConnect(ConnectionFactoryImpl.java:136)
	at org.postgresql.core.v3.ConnectionFactoryImpl.openConnectionImpl(ConnectionFactoryImpl.java:262)
	... 20 more
]]></error>
    <system-out><![CDATA[Producto testIT fiand all
[EL Info]: 2025-04-09 11:03:31.716--ServerSession(327135649)--EclipseLink, version: Eclipse Persistence Services - 4.0.5.v202412231137-a96b873527f305f932543045c8679bb1de8d3a43
[EL Severe]: ejb: 2025-04-09 11:03:31.717--ServerSession(327135649)--Exception [EclipseLink-4002] (Eclipse Persistence Services - 4.0.5.v202412231137-a96b873527f305f932543045c8679bb1de8d3a43): org.eclipse.persistence.exceptions.DatabaseException
Internal Exception: org.postgresql.util.PSQLException: El intento de conexión falló.
Error Code: 0
]]></system-out>
  </testcase>
  <testcase name="findById" classname="sv.edu.ues.occ.ingenieria.tpi135_2025.control.ProductoBeanIT" time="0.004">
    <error message="Exception [EclipseLink-4002] (Eclipse Persistence Services - 4.0.5.v202412231137-a96b873527f305f932543045c8679bb1de8d3a43): org.eclipse.persistence.exceptions.DatabaseException&#10;Internal Exception: org.postgresql.util.PSQLException: El intento de conexión falló.&#10;Error Code: 0" type="jakarta.persistence.PersistenceException"><![CDATA[jakarta.persistence.PersistenceException: 
Exception [EclipseLink-4002] (Eclipse Persistence Services - 4.0.5.v202412231137-a96b873527f305f932543045c8679bb1de8d3a43): org.eclipse.persistence.exceptions.DatabaseException
Internal Exception: org.postgresql.util.PSQLException: El intento de conexión falló.
Error Code: 0
	at org.eclipse.persistence.internal.jpa.EntityManagerSetupImpl.deploy(EntityManagerSetupImpl.java:855)
	at org.eclipse.persistence.internal.jpa.EntityManagerFactoryDelegate.getAbstractSession(EntityManagerFactoryDelegate.java:226)
	at org.eclipse.persistence.internal.jpa.EntityManagerFactoryDelegate.createEntityManagerImpl(EntityManagerFactoryDelegate.java:340)
	at org.eclipse.persistence.internal.jpa.EntityManagerFactoryImpl.createEntityManagerImpl(EntityManagerFactoryImpl.java:343)
	at org.eclipse.persistence.internal.jpa.EntityManagerFactoryImpl.createEntityManager(EntityManagerFactoryImpl.java:306)
	at sv.edu.ues.occ.ingenieria.tpi135_2025.control.ProductoBeanIT.findById(ProductoBeanIT.java:109)
	at java.base/java.lang.reflect.Method.invoke(Method.java:580)
	at java.base/java.util.ArrayList.forEach(ArrayList.java:1596)
	at java.base/java.util.ArrayList.forEach(ArrayList.java:1596)
Caused by: Exception [EclipseLink-4002] (Eclipse Persistence Services - 4.0.5.v202412231137-a96b873527f305f932543045c8679bb1de8d3a43): org.eclipse.persistence.exceptions.DatabaseException
Internal Exception: org.postgresql.util.PSQLException: El intento de conexión falló.
Error Code: 0
	at org.eclipse.persistence.exceptions.DatabaseException.sqlException(DatabaseException.java:334)
	at org.eclipse.persistence.exceptions.DatabaseException.sqlException(DatabaseException.java:329)
	at org.eclipse.persistence.sessions.DefaultConnector.connect(DefaultConnector.java:142)
	at org.eclipse.persistence.sessions.DatasourceLogin.connectToDatasource(DatasourceLogin.java:174)
	at org.eclipse.persistence.internal.sessions.DatabaseSessionImpl.setOrDetectDatasource(DatabaseSessionImpl.java:226)
	at org.eclipse.persistence.internal.sessions.DatabaseSessionImpl.loginAndDetectDatasource(DatabaseSessionImpl.java:809)
	at org.eclipse.persistence.internal.jpa.EntityManagerFactoryProvider.login(EntityManagerFactoryProvider.java:259)
	at org.eclipse.persistence.internal.jpa.EntityManagerSetupImpl.deploy(EntityManagerSetupImpl.java:770)
	... 8 more
Caused by: org.postgresql.util.PSQLException: El intento de conexión falló.
	at org.postgresql.core.v3.ConnectionFactoryImpl.openConnectionImpl(ConnectionFactoryImpl.java:358)
	at org.postgresql.core.ConnectionFactory.openConnection(ConnectionFactory.java:54)
	at org.postgresql.jdbc.PgConnection.<init>(PgConnection.java:273)
	at org.postgresql.Driver.makeConnection(Driver.java:446)
	at org.postgresql.Driver.connect(Driver.java:298)
	at java.sql/java.sql.DriverManager.getConnection(DriverManager.java:683)
	at java.sql/java.sql.DriverManager.getConnection(DriverManager.java:191)
	at org.eclipse.persistence.sessions.DefaultConnector.connect(DefaultConnector.java:102)
	... 13 more
Caused by: java.net.UnknownHostException: db
	at java.base/sun.nio.ch.NioSocketImpl.connect(NioSocketImpl.java:567)
	at java.base/java.net.SocksSocketImpl.connect(SocksSocketImpl.java:327)
	at java.base/java.net.Socket.connect(Socket.java:751)
	at org.postgresql.core.PGStream.createSocket(PGStream.java:243)
	at org.postgresql.core.PGStream.<init>(PGStream.java:98)
	at org.postgresql.core.v3.ConnectionFactoryImpl.tryConnect(ConnectionFactoryImpl.java:136)
	at org.postgresql.core.v3.ConnectionFactoryImpl.openConnectionImpl(ConnectionFactoryImpl.java:262)
	... 20 more
]]></error>
    <system-out><![CDATA[Producto testIT fiandById
[EL Info]: 2025-04-09 11:03:31.721--ServerSession(327135649)--EclipseLink, version: Eclipse Persistence Services - 4.0.5.v202412231137-a96b873527f305f932543045c8679bb1de8d3a43
[EL Severe]: ejb: 2025-04-09 11:03:31.722--ServerSession(327135649)--Exception [EclipseLink-4002] (Eclipse Persistence Services - 4.0.5.v202412231137-a96b873527f305f932543045c8679bb1de8d3a43): org.eclipse.persistence.exceptions.DatabaseException
Internal Exception: org.postgresql.util.PSQLException: El intento de conexión falló.
Error Code: 0
]]></system-out>
  </testcase>
  <testcase name="contar" classname="sv.edu.ues.occ.ingenieria.tpi135_2025.control.ProductoBeanIT" time="0.003">
    <error message="Exception [EclipseLink-4002] (Eclipse Persistence Services - 4.0.5.v202412231137-a96b873527f305f932543045c8679bb1de8d3a43): org.eclipse.persistence.exceptions.DatabaseException&#10;Internal Exception: org.postgresql.util.PSQLException: El intento de conexión falló.&#10;Error Code: 0" type="jakarta.persistence.PersistenceException"><![CDATA[jakarta.persistence.PersistenceException: 
Exception [EclipseLink-4002] (Eclipse Persistence Services - 4.0.5.v202412231137-a96b873527f305f932543045c8679bb1de8d3a43): org.eclipse.persistence.exceptions.DatabaseException
Internal Exception: org.postgresql.util.PSQLException: El intento de conexión falló.
Error Code: 0
	at org.eclipse.persistence.internal.jpa.EntityManagerSetupImpl.deploy(EntityManagerSetupImpl.java:855)
	at org.eclipse.persistence.internal.jpa.EntityManagerFactoryDelegate.getAbstractSession(EntityManagerFactoryDelegate.java:226)
	at org.eclipse.persistence.internal.jpa.EntityManagerFactoryDelegate.createEntityManagerImpl(EntityManagerFactoryDelegate.java:340)
	at org.eclipse.persistence.internal.jpa.EntityManagerFactoryImpl.createEntityManagerImpl(EntityManagerFactoryImpl.java:343)
	at org.eclipse.persistence.internal.jpa.EntityManagerFactoryImpl.createEntityManager(EntityManagerFactoryImpl.java:306)
	at sv.edu.ues.occ.ingenieria.tpi135_2025.control.ProductoBeanIT.contar(ProductoBeanIT.java:125)
	at java.base/java.lang.reflect.Method.invoke(Method.java:580)
	at java.base/java.util.ArrayList.forEach(ArrayList.java:1596)
	at java.base/java.util.ArrayList.forEach(ArrayList.java:1596)
Caused by: Exception [EclipseLink-4002] (Eclipse Persistence Services - 4.0.5.v202412231137-a96b873527f305f932543045c8679bb1de8d3a43): org.eclipse.persistence.exceptions.DatabaseException
Internal Exception: org.postgresql.util.PSQLException: El intento de conexión falló.
Error Code: 0
	at org.eclipse.persistence.exceptions.DatabaseException.sqlException(DatabaseException.java:334)
	at org.eclipse.persistence.exceptions.DatabaseException.sqlException(DatabaseException.java:329)
	at org.eclipse.persistence.sessions.DefaultConnector.connect(DefaultConnector.java:142)
	at org.eclipse.persistence.sessions.DatasourceLogin.connectToDatasource(DatasourceLogin.java:174)
	at org.eclipse.persistence.internal.sessions.DatabaseSessionImpl.setOrDetectDatasource(DatabaseSessionImpl.java:226)
	at org.eclipse.persistence.internal.sessions.DatabaseSessionImpl.loginAndDetectDatasource(DatabaseSessionImpl.java:809)
	at org.eclipse.persistence.internal.jpa.EntityManagerFactoryProvider.login(EntityManagerFactoryProvider.java:259)
	at org.eclipse.persistence.internal.jpa.EntityManagerSetupImpl.deploy(EntityManagerSetupImpl.java:770)
	... 8 more
Caused by: org.postgresql.util.PSQLException: El intento de conexión falló.
	at org.postgresql.core.v3.ConnectionFactoryImpl.openConnectionImpl(ConnectionFactoryImpl.java:358)
	at org.postgresql.core.ConnectionFactory.openConnection(ConnectionFactory.java:54)
	at org.postgresql.jdbc.PgConnection.<init>(PgConnection.java:273)
	at org.postgresql.Driver.makeConnection(Driver.java:446)
	at org.postgresql.Driver.connect(Driver.java:298)
	at java.sql/java.sql.DriverManager.getConnection(DriverManager.java:683)
	at java.sql/java.sql.DriverManager.getConnection(DriverManager.java:191)
	at org.eclipse.persistence.sessions.DefaultConnector.connect(DefaultConnector.java:102)
	... 13 more
Caused by: java.net.UnknownHostException: db
	at java.base/sun.nio.ch.NioSocketImpl.connect(NioSocketImpl.java:567)
	at java.base/java.net.SocksSocketImpl.connect(SocksSocketImpl.java:327)
	at java.base/java.net.Socket.connect(Socket.java:751)
	at org.postgresql.core.PGStream.createSocket(PGStream.java:243)
	at org.postgresql.core.PGStream.<init>(PGStream.java:98)
	at org.postgresql.core.v3.ConnectionFactoryImpl.tryConnect(ConnectionFactoryImpl.java:136)
	at org.postgresql.core.v3.ConnectionFactoryImpl.openConnectionImpl(ConnectionFactoryImpl.java:262)
	... 20 more
]]></error>
    <system-out><![CDATA[Producto testIT Contar
[EL Info]: 2025-04-09 11:03:31.724--ServerSession(327135649)--EclipseLink, version: Eclipse Persistence Services - 4.0.5.v202412231137-a96b873527f305f932543045c8679bb1de8d3a43
[EL Severe]: ejb: 2025-04-09 11:03:31.725--ServerSession(327135649)--Exception [EclipseLink-4002] (Eclipse Persistence Services - 4.0.5.v202412231137-a96b873527f305f932543045c8679bb1de8d3a43): org.eclipse.persistence.exceptions.DatabaseException
Internal Exception: org.postgresql.util.PSQLException: El intento de conexión falló.
Error Code: 0
]]></system-out>
  </testcase>
  <testcase name="update" classname="sv.edu.ues.occ.ingenieria.tpi135_2025.control.ProductoBeanIT" time="0.003">
    <error message="Exception [EclipseLink-4002] (Eclipse Persistence Services - 4.0.5.v202412231137-a96b873527f305f932543045c8679bb1de8d3a43): org.eclipse.persistence.exceptions.DatabaseException&#10;Internal Exception: org.postgresql.util.PSQLException: El intento de conexión falló.&#10;Error Code: 0" type="jakarta.persistence.PersistenceException"><![CDATA[jakarta.persistence.PersistenceException: 
Exception [EclipseLink-4002] (Eclipse Persistence Services - 4.0.5.v202412231137-a96b873527f305f932543045c8679bb1de8d3a43): org.eclipse.persistence.exceptions.DatabaseException
Internal Exception: org.postgresql.util.PSQLException: El intento de conexión falló.
Error Code: 0
	at org.eclipse.persistence.internal.jpa.EntityManagerSetupImpl.deploy(EntityManagerSetupImpl.java:855)
	at org.eclipse.persistence.internal.jpa.EntityManagerFactoryDelegate.getAbstractSession(EntityManagerFactoryDelegate.java:226)
	at org.eclipse.persistence.internal.jpa.EntityManagerFactoryDelegate.createEntityManagerImpl(EntityManagerFactoryDelegate.java:340)
	at org.eclipse.persistence.internal.jpa.EntityManagerFactoryImpl.createEntityManagerImpl(EntityManagerFactoryImpl.java:343)
	at org.eclipse.persistence.internal.jpa.EntityManagerFactoryImpl.createEntityManager(EntityManagerFactoryImpl.java:306)
	at sv.edu.ues.occ.ingenieria.tpi135_2025.control.ProductoBeanIT.update(ProductoBeanIT.java:140)
	at java.base/java.lang.reflect.Method.invoke(Method.java:580)
	at java.base/java.util.ArrayList.forEach(ArrayList.java:1596)
	at java.base/java.util.ArrayList.forEach(ArrayList.java:1596)
Caused by: Exception [EclipseLink-4002] (Eclipse Persistence Services - 4.0.5.v202412231137-a96b873527f305f932543045c8679bb1de8d3a43): org.eclipse.persistence.exceptions.DatabaseException
Internal Exception: org.postgresql.util.PSQLException: El intento de conexión falló.
Error Code: 0
	at org.eclipse.persistence.exceptions.DatabaseException.sqlException(DatabaseException.java:334)
	at org.eclipse.persistence.exceptions.DatabaseException.sqlException(DatabaseException.java:329)
	at org.eclipse.persistence.sessions.DefaultConnector.connect(DefaultConnector.java:142)
	at org.eclipse.persistence.sessions.DatasourceLogin.connectToDatasource(DatasourceLogin.java:174)
	at org.eclipse.persistence.internal.sessions.DatabaseSessionImpl.setOrDetectDatasource(DatabaseSessionImpl.java:226)
	at org.eclipse.persistence.internal.sessions.DatabaseSessionImpl.loginAndDetectDatasource(DatabaseSessionImpl.java:809)
	at org.eclipse.persistence.internal.jpa.EntityManagerFactoryProvider.login(EntityManagerFactoryProvider.java:259)
	at org.eclipse.persistence.internal.jpa.EntityManagerSetupImpl.deploy(EntityManagerSetupImpl.java:770)
	... 8 more
Caused by: org.postgresql.util.PSQLException: El intento de conexión falló.
	at org.postgresql.core.v3.ConnectionFactoryImpl.openConnectionImpl(ConnectionFactoryImpl.java:358)
	at org.postgresql.core.ConnectionFactory.openConnection(ConnectionFactory.java:54)
	at org.postgresql.jdbc.PgConnection.<init>(PgConnection.java:273)
	at org.postgresql.Driver.makeConnection(Driver.java:446)
	at org.postgresql.Driver.connect(Driver.java:298)
	at java.sql/java.sql.DriverManager.getConnection(DriverManager.java:683)
	at java.sql/java.sql.DriverManager.getConnection(DriverManager.java:191)
	at org.eclipse.persistence.sessions.DefaultConnector.connect(DefaultConnector.java:102)
	... 13 more
Caused by: java.net.UnknownHostException: db
	at java.base/sun.nio.ch.NioSocketImpl.connect(NioSocketImpl.java:567)
	at java.base/java.net.SocksSocketImpl.connect(SocksSocketImpl.java:327)
	at java.base/java.net.Socket.connect(Socket.java:751)
	at org.postgresql.core.PGStream.createSocket(PGStream.java:243)
	at org.postgresql.core.PGStream.<init>(PGStream.java:98)
	at org.postgresql.core.v3.ConnectionFactoryImpl.tryConnect(ConnectionFactoryImpl.java:136)
	at org.postgresql.core.v3.ConnectionFactoryImpl.openConnectionImpl(ConnectionFactoryImpl.java:262)
	... 20 more
]]></error>
    <system-out><![CDATA[Producto testIT update
[EL Info]: 2025-04-09 11:03:31.728--ServerSession(327135649)--EclipseLink, version: Eclipse Persistence Services - 4.0.5.v202412231137-a96b873527f305f932543045c8679bb1de8d3a43
[EL Severe]: ejb: 2025-04-09 11:03:31.729--ServerSession(327135649)--Exception [EclipseLink-4002] (Eclipse Persistence Services - 4.0.5.v202412231137-a96b873527f305f932543045c8679bb1de8d3a43): org.eclipse.persistence.exceptions.DatabaseException
Internal Exception: org.postgresql.util.PSQLException: El intento de conexión falló.
Error Code: 0
]]></system-out>
  </testcase>
  <testcase name="delete" classname="sv.edu.ues.occ.ingenieria.tpi135_2025.control.ProductoBeanIT" time="0.004">
    <error message="Exception [EclipseLink-4002] (Eclipse Persistence Services - 4.0.5.v202412231137-a96b873527f305f932543045c8679bb1de8d3a43): org.eclipse.persistence.exceptions.DatabaseException&#10;Internal Exception: org.postgresql.util.PSQLException: El intento de conexión falló.&#10;Error Code: 0" type="jakarta.persistence.PersistenceException"><![CDATA[jakarta.persistence.PersistenceException: 
Exception [EclipseLink-4002] (Eclipse Persistence Services - 4.0.5.v202412231137-a96b873527f305f932543045c8679bb1de8d3a43): org.eclipse.persistence.exceptions.DatabaseException
Internal Exception: org.postgresql.util.PSQLException: El intento de conexión falló.
Error Code: 0
	at org.eclipse.persistence.internal.jpa.EntityManagerSetupImpl.deploy(EntityManagerSetupImpl.java:855)
	at org.eclipse.persistence.internal.jpa.EntityManagerFactoryDelegate.getAbstractSession(EntityManagerFactoryDelegate.java:226)
	at org.eclipse.persistence.internal.jpa.EntityManagerFactoryDelegate.createEntityManagerImpl(EntityManagerFactoryDelegate.java:340)
	at org.eclipse.persistence.internal.jpa.EntityManagerFactoryImpl.createEntityManagerImpl(EntityManagerFactoryImpl.java:343)
	at org.eclipse.persistence.internal.jpa.EntityManagerFactoryImpl.createEntityManager(EntityManagerFactoryImpl.java:306)
	at sv.edu.ues.occ.ingenieria.tpi135_2025.control.ProductoBeanIT.delete(ProductoBeanIT.java:181)
	at java.base/java.lang.reflect.Method.invoke(Method.java:580)
	at java.base/java.util.ArrayList.forEach(ArrayList.java:1596)
	at java.base/java.util.ArrayList.forEach(ArrayList.java:1596)
Caused by: Exception [EclipseLink-4002] (Eclipse Persistence Services - 4.0.5.v202412231137-a96b873527f305f932543045c8679bb1de8d3a43): org.eclipse.persistence.exceptions.DatabaseException
Internal Exception: org.postgresql.util.PSQLException: El intento de conexión falló.
Error Code: 0
	at org.eclipse.persistence.exceptions.DatabaseException.sqlException(DatabaseException.java:334)
	at org.eclipse.persistence.exceptions.DatabaseException.sqlException(DatabaseException.java:329)
	at org.eclipse.persistence.sessions.DefaultConnector.connect(DefaultConnector.java:142)
	at org.eclipse.persistence.sessions.DatasourceLogin.connectToDatasource(DatasourceLogin.java:174)
	at org.eclipse.persistence.internal.sessions.DatabaseSessionImpl.setOrDetectDatasource(DatabaseSessionImpl.java:226)
	at org.eclipse.persistence.internal.sessions.DatabaseSessionImpl.loginAndDetectDatasource(DatabaseSessionImpl.java:809)
	at org.eclipse.persistence.internal.jpa.EntityManagerFactoryProvider.login(EntityManagerFactoryProvider.java:259)
	at org.eclipse.persistence.internal.jpa.EntityManagerSetupImpl.deploy(EntityManagerSetupImpl.java:770)
	... 8 more
Caused by: org.postgresql.util.PSQLException: El intento de conexión falló.
	at org.postgresql.core.v3.ConnectionFactoryImpl.openConnectionImpl(ConnectionFactoryImpl.java:358)
	at org.postgresql.core.ConnectionFactory.openConnection(ConnectionFactory.java:54)
	at org.postgresql.jdbc.PgConnection.<init>(PgConnection.java:273)
	at org.postgresql.Driver.makeConnection(Driver.java:446)
	at org.postgresql.Driver.connect(Driver.java:298)
	at java.sql/java.sql.DriverManager.getConnection(DriverManager.java:683)
	at java.sql/java.sql.DriverManager.getConnection(DriverManager.java:191)
	at org.eclipse.persistence.sessions.DefaultConnector.connect(DefaultConnector.java:102)
	... 13 more
Caused by: java.net.UnknownHostException: db
	at java.base/sun.nio.ch.NioSocketImpl.connect(NioSocketImpl.java:567)
	at java.base/java.net.SocksSocketImpl.connect(SocksSocketImpl.java:327)
	at java.base/java.net.Socket.connect(Socket.java:751)
	at org.postgresql.core.PGStream.createSocket(PGStream.java:243)
	at org.postgresql.core.PGStream.<init>(PGStream.java:98)
	at org.postgresql.core.v3.ConnectionFactoryImpl.tryConnect(ConnectionFactoryImpl.java:136)
	at org.postgresql.core.v3.ConnectionFactoryImpl.openConnectionImpl(ConnectionFactoryImpl.java:262)
	... 20 more
]]></error>
    <system-out><![CDATA[Producto testIT delete
[EL Info]: 2025-04-09 11:03:31.738--ServerSession(327135649)--EclipseLink, version: Eclipse Persistence Services - 4.0.5.v202412231137-a96b873527f305f932543045c8679bb1de8d3a43
[EL Severe]: ejb: 2025-04-09 11:03:31.739--ServerSession(327135649)--Exception [EclipseLink-4002] (Eclipse Persistence Services - 4.0.5.v202412231137-a96b873527f305f932543045c8679bb1de8d3a43): org.eclipse.persistence.exceptions.DatabaseException
Internal Exception: org.postgresql.util.PSQLException: El intento de conexión falló.
Error Code: 0
]]></system-out>
  </testcase>
  <testcase name="findRangeByIdTipoProductosAndActivo" classname="sv.edu.ues.occ.ingenieria.tpi135_2025.control.ProductoBeanIT" time="0.003">
    <error message="Exception [EclipseLink-4002] (Eclipse Persistence Services - 4.0.5.v202412231137-a96b873527f305f932543045c8679bb1de8d3a43): org.eclipse.persistence.exceptions.DatabaseException&#10;Internal Exception: org.postgresql.util.PSQLException: El intento de conexión falló.&#10;Error Code: 0" type="jakarta.persistence.PersistenceException"><![CDATA[jakarta.persistence.PersistenceException: 
Exception [EclipseLink-4002] (Eclipse Persistence Services - 4.0.5.v202412231137-a96b873527f305f932543045c8679bb1de8d3a43): org.eclipse.persistence.exceptions.DatabaseException
Internal Exception: org.postgresql.util.PSQLException: El intento de conexión falló.
Error Code: 0
	at org.eclipse.persistence.internal.jpa.EntityManagerSetupImpl.deploy(EntityManagerSetupImpl.java:855)
	at org.eclipse.persistence.internal.jpa.EntityManagerFactoryDelegate.getAbstractSession(EntityManagerFactoryDelegate.java:226)
	at org.eclipse.persistence.internal.jpa.EntityManagerFactoryDelegate.createEntityManagerImpl(EntityManagerFactoryDelegate.java:340)
	at org.eclipse.persistence.internal.jpa.EntityManagerFactoryImpl.createEntityManagerImpl(EntityManagerFactoryImpl.java:343)
	at org.eclipse.persistence.internal.jpa.EntityManagerFactoryImpl.createEntityManager(EntityManagerFactoryImpl.java:306)
	at sv.edu.ues.occ.ingenieria.tpi135_2025.control.ProductoBeanIT.findRangeByIdTipoProductosAndActivo(ProductoBeanIT.java:205)
	at java.base/java.lang.reflect.Method.invoke(Method.java:580)
	at java.base/java.util.ArrayList.forEach(ArrayList.java:1596)
	at java.base/java.util.ArrayList.forEach(ArrayList.java:1596)
Caused by: Exception [EclipseLink-4002] (Eclipse Persistence Services - 4.0.5.v202412231137-a96b873527f305f932543045c8679bb1de8d3a43): org.eclipse.persistence.exceptions.DatabaseException
Internal Exception: org.postgresql.util.PSQLException: El intento de conexión falló.
Error Code: 0
	at org.eclipse.persistence.exceptions.DatabaseException.sqlException(DatabaseException.java:334)
	at org.eclipse.persistence.exceptions.DatabaseException.sqlException(DatabaseException.java:329)
	at org.eclipse.persistence.sessions.DefaultConnector.connect(DefaultConnector.java:142)
	at org.eclipse.persistence.sessions.DatasourceLogin.connectToDatasource(DatasourceLogin.java:174)
	at org.eclipse.persistence.internal.sessions.DatabaseSessionImpl.setOrDetectDatasource(DatabaseSessionImpl.java:226)
	at org.eclipse.persistence.internal.sessions.DatabaseSessionImpl.loginAndDetectDatasource(DatabaseSessionImpl.java:809)
	at org.eclipse.persistence.internal.jpa.EntityManagerFactoryProvider.login(EntityManagerFactoryProvider.java:259)
	at org.eclipse.persistence.internal.jpa.EntityManagerSetupImpl.deploy(EntityManagerSetupImpl.java:770)
	... 8 more
Caused by: org.postgresql.util.PSQLException: El intento de conexión falló.
	at org.postgresql.core.v3.ConnectionFactoryImpl.openConnectionImpl(ConnectionFactoryImpl.java:358)
	at org.postgresql.core.ConnectionFactory.openConnection(ConnectionFactory.java:54)
	at org.postgresql.jdbc.PgConnection.<init>(PgConnection.java:273)
	at org.postgresql.Driver.makeConnection(Driver.java:446)
	at org.postgresql.Driver.connect(Driver.java:298)
	at java.sql/java.sql.DriverManager.getConnection(DriverManager.java:683)
	at java.sql/java.sql.DriverManager.getConnection(DriverManager.java:191)
	at org.eclipse.persistence.sessions.DefaultConnector.connect(DefaultConnector.java:102)
	... 13 more
Caused by: java.net.UnknownHostException: db
	at java.base/sun.nio.ch.NioSocketImpl.connect(NioSocketImpl.java:567)
	at java.base/java.net.SocksSocketImpl.connect(SocksSocketImpl.java:327)
	at java.base/java.net.Socket.connect(Socket.java:751)
	at org.postgresql.core.PGStream.createSocket(PGStream.java:243)
	at org.postgresql.core.PGStream.<init>(PGStream.java:98)
	at org.postgresql.core.v3.ConnectionFactoryImpl.tryConnect(ConnectionFactoryImpl.java:136)
	at org.postgresql.core.v3.ConnectionFactoryImpl.openConnectionImpl(ConnectionFactoryImpl.java:262)
	... 20 more
]]></error>
    <system-out><![CDATA[Producto testIT findRangeByIdTipoProductosAndActivo
[EL Info]: 2025-04-09 11:03:31.742--ServerSession(327135649)--EclipseLink, version: Eclipse Persistence Services - 4.0.5.v202412231137-a96b873527f305f932543045c8679bb1de8d3a43
[EL Severe]: ejb: 2025-04-09 11:03:31.743--ServerSession(327135649)--Exception [EclipseLink-4002] (Eclipse Persistence Services - 4.0.5.v202412231137-a96b873527f305f932543045c8679bb1de8d3a43): org.eclipse.persistence.exceptions.DatabaseException
Internal Exception: org.postgresql.util.PSQLException: El intento de conexión falló.
Error Code: 0
]]></system-out>
  </testcase>
  <testcase name="countByIdTipoProductosAndActivo" classname="sv.edu.ues.occ.ingenieria.tpi135_2025.control.ProductoBeanIT" time="0.003">
    <error message="Exception [EclipseLink-4002] (Eclipse Persistence Services - 4.0.5.v202412231137-a96b873527f305f932543045c8679bb1de8d3a43): org.eclipse.persistence.exceptions.DatabaseException&#10;Internal Exception: org.postgresql.util.PSQLException: El intento de conexión falló.&#10;Error Code: 0" type="jakarta.persistence.PersistenceException"><![CDATA[jakarta.persistence.PersistenceException: 
Exception [EclipseLink-4002] (Eclipse Persistence Services - 4.0.5.v202412231137-a96b873527f305f932543045c8679bb1de8d3a43): org.eclipse.persistence.exceptions.DatabaseException
Internal Exception: org.postgresql.util.PSQLException: El intento de conexión falló.
Error Code: 0
	at org.eclipse.persistence.internal.jpa.EntityManagerSetupImpl.deploy(EntityManagerSetupImpl.java:855)
	at org.eclipse.persistence.internal.jpa.EntityManagerFactoryDelegate.getAbstractSession(EntityManagerFactoryDelegate.java:226)
	at org.eclipse.persistence.internal.jpa.EntityManagerFactoryDelegate.createEntityManagerImpl(EntityManagerFactoryDelegate.java:340)
	at org.eclipse.persistence.internal.jpa.EntityManagerFactoryImpl.createEntityManagerImpl(EntityManagerFactoryImpl.java:343)
	at org.eclipse.persistence.internal.jpa.EntityManagerFactoryImpl.createEntityManager(EntityManagerFactoryImpl.java:306)
	at sv.edu.ues.occ.ingenieria.tpi135_2025.control.ProductoBeanIT.countByIdTipoProductosAndActivo(ProductoBeanIT.java:231)
	at java.base/java.lang.reflect.Method.invoke(Method.java:580)
	at java.base/java.util.ArrayList.forEach(ArrayList.java:1596)
	at java.base/java.util.ArrayList.forEach(ArrayList.java:1596)
Caused by: Exception [EclipseLink-4002] (Eclipse Persistence Services - 4.0.5.v202412231137-a96b873527f305f932543045c8679bb1de8d3a43): org.eclipse.persistence.exceptions.DatabaseException
Internal Exception: org.postgresql.util.PSQLException: El intento de conexión falló.
Error Code: 0
	at org.eclipse.persistence.exceptions.DatabaseException.sqlException(DatabaseException.java:334)
	at org.eclipse.persistence.exceptions.DatabaseException.sqlException(DatabaseException.java:329)
	at org.eclipse.persistence.sessions.DefaultConnector.connect(DefaultConnector.java:142)
	at org.eclipse.persistence.sessions.DatasourceLogin.connectToDatasource(DatasourceLogin.java:174)
	at org.eclipse.persistence.internal.sessions.DatabaseSessionImpl.setOrDetectDatasource(DatabaseSessionImpl.java:226)
	at org.eclipse.persistence.internal.sessions.DatabaseSessionImpl.loginAndDetectDatasource(DatabaseSessionImpl.java:809)
	at org.eclipse.persistence.internal.jpa.EntityManagerFactoryProvider.login(EntityManagerFactoryProvider.java:259)
	at org.eclipse.persistence.internal.jpa.EntityManagerSetupImpl.deploy(EntityManagerSetupImpl.java:770)
	... 8 more
Caused by: org.postgresql.util.PSQLException: El intento de conexión falló.
	at org.postgresql.core.v3.ConnectionFactoryImpl.openConnectionImpl(ConnectionFactoryImpl.java:358)
	at org.postgresql.core.ConnectionFactory.openConnection(ConnectionFactory.java:54)
	at org.postgresql.jdbc.PgConnection.<init>(PgConnection.java:273)
	at org.postgresql.Driver.makeConnection(Driver.java:446)
	at org.postgresql.Driver.connect(Driver.java:298)
	at java.sql/java.sql.DriverManager.getConnection(DriverManager.java:683)
	at java.sql/java.sql.DriverManager.getConnection(DriverManager.java:191)
	at org.eclipse.persistence.sessions.DefaultConnector.connect(DefaultConnector.java:102)
	... 13 more
Caused by: java.net.UnknownHostException: db
	at java.base/sun.nio.ch.NioSocketImpl.connect(NioSocketImpl.java:567)
	at java.base/java.net.SocksSocketImpl.connect(SocksSocketImpl.java:327)
	at java.base/java.net.Socket.connect(Socket.java:751)
	at org.postgresql.core.PGStream.createSocket(PGStream.java:243)
	at org.postgresql.core.PGStream.<init>(PGStream.java:98)
	at org.postgresql.core.v3.ConnectionFactoryImpl.tryConnect(ConnectionFactoryImpl.java:136)
	at org.postgresql.core.v3.ConnectionFactoryImpl.openConnectionImpl(ConnectionFactoryImpl.java:262)
	... 20 more
]]></error>
    <system-out><![CDATA[Producto testIT countByIdTipoProductosAndActivo
[EL Info]: 2025-04-09 11:03:31.745--ServerSession(327135649)--EclipseLink, version: Eclipse Persistence Services - 4.0.5.v202412231137-a96b873527f305f932543045c8679bb1de8d3a43
[EL Severe]: ejb: 2025-04-09 11:03:31.746--ServerSession(327135649)--Exception [EclipseLink-4002] (Eclipse Persistence Services - 4.0.5.v202412231137-a96b873527f305f932543045c8679bb1de8d3a43): org.eclipse.persistence.exceptions.DatabaseException
Internal Exception: org.postgresql.util.PSQLException: El intento de conexión falló.
Error Code: 0
]]></system-out>
  </testcase>
  <testcase name="findRangeProductoActivos" classname="sv.edu.ues.occ.ingenieria.tpi135_2025.control.ProductoBeanIT" time="0.003">
    <error message="Exception [EclipseLink-4002] (Eclipse Persistence Services - 4.0.5.v202412231137-a96b873527f305f932543045c8679bb1de8d3a43): org.eclipse.persistence.exceptions.DatabaseException&#10;Internal Exception: org.postgresql.util.PSQLException: El intento de conexión falló.&#10;Error Code: 0" type="jakarta.persistence.PersistenceException"><![CDATA[jakarta.persistence.PersistenceException: 
Exception [EclipseLink-4002] (Eclipse Persistence Services - 4.0.5.v202412231137-a96b873527f305f932543045c8679bb1de8d3a43): org.eclipse.persistence.exceptions.DatabaseException
Internal Exception: org.postgresql.util.PSQLException: El intento de conexión falló.
Error Code: 0
	at org.eclipse.persistence.internal.jpa.EntityManagerSetupImpl.deploy(EntityManagerSetupImpl.java:855)
	at org.eclipse.persistence.internal.jpa.EntityManagerFactoryDelegate.getAbstractSession(EntityManagerFactoryDelegate.java:226)
	at org.eclipse.persistence.internal.jpa.EntityManagerFactoryDelegate.createEntityManagerImpl(EntityManagerFactoryDelegate.java:340)
	at org.eclipse.persistence.internal.jpa.EntityManagerFactoryImpl.createEntityManagerImpl(EntityManagerFactoryImpl.java:343)
	at org.eclipse.persistence.internal.jpa.EntityManagerFactoryImpl.createEntityManager(EntityManagerFactoryImpl.java:306)
	at sv.edu.ues.occ.ingenieria.tpi135_2025.control.ProductoBeanIT.findRangeProductoActivos(ProductoBeanIT.java:251)
	at java.base/java.lang.reflect.Method.invoke(Method.java:580)
	at java.base/java.util.ArrayList.forEach(ArrayList.java:1596)
	at java.base/java.util.ArrayList.forEach(ArrayList.java:1596)
Caused by: Exception [EclipseLink-4002] (Eclipse Persistence Services - 4.0.5.v202412231137-a96b873527f305f932543045c8679bb1de8d3a43): org.eclipse.persistence.exceptions.DatabaseException
Internal Exception: org.postgresql.util.PSQLException: El intento de conexión falló.
Error Code: 0
	at org.eclipse.persistence.exceptions.DatabaseException.sqlException(DatabaseException.java:334)
	at org.eclipse.persistence.exceptions.DatabaseException.sqlException(DatabaseException.java:329)
	at org.eclipse.persistence.sessions.DefaultConnector.connect(DefaultConnector.java:142)
	at org.eclipse.persistence.sessions.DatasourceLogin.connectToDatasource(DatasourceLogin.java:174)
	at org.eclipse.persistence.internal.sessions.DatabaseSessionImpl.setOrDetectDatasource(DatabaseSessionImpl.java:226)
	at org.eclipse.persistence.internal.sessions.DatabaseSessionImpl.loginAndDetectDatasource(DatabaseSessionImpl.java:809)
	at org.eclipse.persistence.internal.jpa.EntityManagerFactoryProvider.login(EntityManagerFactoryProvider.java:259)
	at org.eclipse.persistence.internal.jpa.EntityManagerSetupImpl.deploy(EntityManagerSetupImpl.java:770)
	... 8 more
Caused by: org.postgresql.util.PSQLException: El intento de conexión falló.
	at org.postgresql.core.v3.ConnectionFactoryImpl.openConnectionImpl(ConnectionFactoryImpl.java:358)
	at org.postgresql.core.ConnectionFactory.openConnection(ConnectionFactory.java:54)
	at org.postgresql.jdbc.PgConnection.<init>(PgConnection.java:273)
	at org.postgresql.Driver.makeConnection(Driver.java:446)
	at org.postgresql.Driver.connect(Driver.java:298)
	at java.sql/java.sql.DriverManager.getConnection(DriverManager.java:683)
	at java.sql/java.sql.DriverManager.getConnection(DriverManager.java:191)
	at org.eclipse.persistence.sessions.DefaultConnector.connect(DefaultConnector.java:102)
	... 13 more
Caused by: java.net.UnknownHostException: db
	at java.base/sun.nio.ch.NioSocketImpl.connect(NioSocketImpl.java:567)
	at java.base/java.net.SocksSocketImpl.connect(SocksSocketImpl.java:327)
	at java.base/java.net.Socket.connect(Socket.java:751)
	at org.postgresql.core.PGStream.createSocket(PGStream.java:243)
	at org.postgresql.core.PGStream.<init>(PGStream.java:98)
	at org.postgresql.core.v3.ConnectionFactoryImpl.tryConnect(ConnectionFactoryImpl.java:136)
	at org.postgresql.core.v3.ConnectionFactoryImpl.openConnectionImpl(ConnectionFactoryImpl.java:262)
	... 20 more
]]></error>
    <system-out><![CDATA[Producto testIT findRangeProductoActivos
[EL Info]: 2025-04-09 11:03:31.749--ServerSession(327135649)--EclipseLink, version: Eclipse Persistence Services - 4.0.5.v202412231137-a96b873527f305f932543045c8679bb1de8d3a43
[EL Severe]: ejb: 2025-04-09 11:03:31.75--ServerSession(327135649)--Exception [EclipseLink-4002] (Eclipse Persistence Services - 4.0.5.v202412231137-a96b873527f305f932543045c8679bb1de8d3a43): org.eclipse.persistence.exceptions.DatabaseException
Internal Exception: org.postgresql.util.PSQLException: El intento de conexión falló.
Error Code: 0
]]></system-out>
  </testcase>
  <testcase name="countProductoActivos" classname="sv.edu.ues.occ.ingenieria.tpi135_2025.control.ProductoBeanIT" time="0.003">
    <error message="Exception [EclipseLink-4002] (Eclipse Persistence Services - 4.0.5.v202412231137-a96b873527f305f932543045c8679bb1de8d3a43): org.eclipse.persistence.exceptions.DatabaseException&#10;Internal Exception: org.postgresql.util.PSQLException: El intento de conexión falló.&#10;Error Code: 0" type="jakarta.persistence.PersistenceException"><![CDATA[jakarta.persistence.PersistenceException: 
Exception [EclipseLink-4002] (Eclipse Persistence Services - 4.0.5.v202412231137-a96b873527f305f932543045c8679bb1de8d3a43): org.eclipse.persistence.exceptions.DatabaseException
Internal Exception: org.postgresql.util.PSQLException: El intento de conexión falló.
Error Code: 0
	at org.eclipse.persistence.internal.jpa.EntityManagerSetupImpl.deploy(EntityManagerSetupImpl.java:855)
	at org.eclipse.persistence.internal.jpa.EntityManagerFactoryDelegate.getAbstractSession(EntityManagerFactoryDelegate.java:226)
	at org.eclipse.persistence.internal.jpa.EntityManagerFactoryDelegate.createEntityManagerImpl(EntityManagerFactoryDelegate.java:340)
	at org.eclipse.persistence.internal.jpa.EntityManagerFactoryImpl.createEntityManagerImpl(EntityManagerFactoryImpl.java:343)
	at org.eclipse.persistence.internal.jpa.EntityManagerFactoryImpl.createEntityManager(EntityManagerFactoryImpl.java:306)
	at sv.edu.ues.occ.ingenieria.tpi135_2025.control.ProductoBeanIT.countProductoActivos(ProductoBeanIT.java:270)
	at java.base/java.lang.reflect.Method.invoke(Method.java:580)
	at java.base/java.util.ArrayList.forEach(ArrayList.java:1596)
	at java.base/java.util.ArrayList.forEach(ArrayList.java:1596)
Caused by: Exception [EclipseLink-4002] (Eclipse Persistence Services - 4.0.5.v202412231137-a96b873527f305f932543045c8679bb1de8d3a43): org.eclipse.persistence.exceptions.DatabaseException
Internal Exception: org.postgresql.util.PSQLException: El intento de conexión falló.
Error Code: 0
	at org.eclipse.persistence.exceptions.DatabaseException.sqlException(DatabaseException.java:334)
	at org.eclipse.persistence.exceptions.DatabaseException.sqlException(DatabaseException.java:329)
	at org.eclipse.persistence.sessions.DefaultConnector.connect(DefaultConnector.java:142)
	at org.eclipse.persistence.sessions.DatasourceLogin.connectToDatasource(DatasourceLogin.java:174)
	at org.eclipse.persistence.internal.sessions.DatabaseSessionImpl.setOrDetectDatasource(DatabaseSessionImpl.java:226)
	at org.eclipse.persistence.internal.sessions.DatabaseSessionImpl.loginAndDetectDatasource(DatabaseSessionImpl.java:809)
	at org.eclipse.persistence.internal.jpa.EntityManagerFactoryProvider.login(EntityManagerFactoryProvider.java:259)
	at org.eclipse.persistence.internal.jpa.EntityManagerSetupImpl.deploy(EntityManagerSetupImpl.java:770)
	... 8 more
Caused by: org.postgresql.util.PSQLException: El intento de conexión falló.
	at org.postgresql.core.v3.ConnectionFactoryImpl.openConnectionImpl(ConnectionFactoryImpl.java:358)
	at org.postgresql.core.ConnectionFactory.openConnection(ConnectionFactory.java:54)
	at org.postgresql.jdbc.PgConnection.<init>(PgConnection.java:273)
	at org.postgresql.Driver.makeConnection(Driver.java:446)
	at org.postgresql.Driver.connect(Driver.java:298)
	at java.sql/java.sql.DriverManager.getConnection(DriverManager.java:683)
	at java.sql/java.sql.DriverManager.getConnection(DriverManager.java:191)
	at org.eclipse.persistence.sessions.DefaultConnector.connect(DefaultConnector.java:102)
	... 13 more
Caused by: java.net.UnknownHostException: db
	at java.base/sun.nio.ch.NioSocketImpl.connect(NioSocketImpl.java:567)
	at java.base/java.net.SocksSocketImpl.connect(SocksSocketImpl.java:327)
	at java.base/java.net.Socket.connect(Socket.java:751)
	at org.postgresql.core.PGStream.createSocket(PGStream.java:243)
	at org.postgresql.core.PGStream.<init>(PGStream.java:98)
	at org.postgresql.core.v3.ConnectionFactoryImpl.tryConnect(ConnectionFactoryImpl.java:136)
	at org.postgresql.core.v3.ConnectionFactoryImpl.openConnectionImpl(ConnectionFactoryImpl.java:262)
	... 20 more
]]></error>
    <system-out><![CDATA[Producto testIT countProductoActivos
[EL Info]: 2025-04-09 11:03:31.753--ServerSession(327135649)--EclipseLink, version: Eclipse Persistence Services - 4.0.5.v202412231137-a96b873527f305f932543045c8679bb1de8d3a43
[EL Severe]: ejb: 2025-04-09 11:03:31.754--ServerSession(327135649)--Exception [EclipseLink-4002] (Eclipse Persistence Services - 4.0.5.v202412231137-a96b873527f305f932543045c8679bb1de8d3a43): org.eclipse.persistence.exceptions.DatabaseException
Internal Exception: org.postgresql.util.PSQLException: El intento de conexión falló.
Error Code: 0
]]></system-out>
  </testcase>
  <testcase name="deleteProductoAndDetail" classname="sv.edu.ues.occ.ingenieria.tpi135_2025.control.ProductoBeanIT" time="0.003">
    <error message="Exception [EclipseLink-4002] (Eclipse Persistence Services - 4.0.5.v202412231137-a96b873527f305f932543045c8679bb1de8d3a43): org.eclipse.persistence.exceptions.DatabaseException&#10;Internal Exception: org.postgresql.util.PSQLException: El intento de conexión falló.&#10;Error Code: 0" type="jakarta.persistence.PersistenceException"><![CDATA[jakarta.persistence.PersistenceException: 
Exception [EclipseLink-4002] (Eclipse Persistence Services - 4.0.5.v202412231137-a96b873527f305f932543045c8679bb1de8d3a43): org.eclipse.persistence.exceptions.DatabaseException
Internal Exception: org.postgresql.util.PSQLException: El intento de conexión falló.
Error Code: 0
	at org.eclipse.persistence.internal.jpa.EntityManagerSetupImpl.deploy(EntityManagerSetupImpl.java:855)
	at org.eclipse.persistence.internal.jpa.EntityManagerFactoryDelegate.getAbstractSession(EntityManagerFactoryDelegate.java:226)
	at org.eclipse.persistence.internal.jpa.EntityManagerFactoryDelegate.createEntityManagerImpl(EntityManagerFactoryDelegate.java:340)
	at org.eclipse.persistence.internal.jpa.EntityManagerFactoryImpl.createEntityManagerImpl(EntityManagerFactoryImpl.java:343)
	at org.eclipse.persistence.internal.jpa.EntityManagerFactoryImpl.createEntityManager(EntityManagerFactoryImpl.java:306)
	at sv.edu.ues.occ.ingenieria.tpi135_2025.control.ProductoBeanIT.deleteProductoAndDetail(ProductoBeanIT.java:288)
	at java.base/java.lang.reflect.Method.invoke(Method.java:580)
	at java.base/java.util.ArrayList.forEach(ArrayList.java:1596)
	at java.base/java.util.ArrayList.forEach(ArrayList.java:1596)
Caused by: Exception [EclipseLink-4002] (Eclipse Persistence Services - 4.0.5.v202412231137-a96b873527f305f932543045c8679bb1de8d3a43): org.eclipse.persistence.exceptions.DatabaseException
Internal Exception: org.postgresql.util.PSQLException: El intento de conexión falló.
Error Code: 0
	at org.eclipse.persistence.exceptions.DatabaseException.sqlException(DatabaseException.java:334)
	at org.eclipse.persistence.exceptions.DatabaseException.sqlException(DatabaseException.java:329)
	at org.eclipse.persistence.sessions.DefaultConnector.connect(DefaultConnector.java:142)
	at org.eclipse.persistence.sessions.DatasourceLogin.connectToDatasource(DatasourceLogin.java:174)
	at org.eclipse.persistence.internal.sessions.DatabaseSessionImpl.setOrDetectDatasource(DatabaseSessionImpl.java:226)
	at org.eclipse.persistence.internal.sessions.DatabaseSessionImpl.loginAndDetectDatasource(DatabaseSessionImpl.java:809)
	at org.eclipse.persistence.internal.jpa.EntityManagerFactoryProvider.login(EntityManagerFactoryProvider.java:259)
	at org.eclipse.persistence.internal.jpa.EntityManagerSetupImpl.deploy(EntityManagerSetupImpl.java:770)
	... 8 more
Caused by: org.postgresql.util.PSQLException: El intento de conexión falló.
	at org.postgresql.core.v3.ConnectionFactoryImpl.openConnectionImpl(ConnectionFactoryImpl.java:358)
	at org.postgresql.core.ConnectionFactory.openConnection(ConnectionFactory.java:54)
	at org.postgresql.jdbc.PgConnection.<init>(PgConnection.java:273)
	at org.postgresql.Driver.makeConnection(Driver.java:446)
	at org.postgresql.Driver.connect(Driver.java:298)
	at java.sql/java.sql.DriverManager.getConnection(DriverManager.java:683)
	at java.sql/java.sql.DriverManager.getConnection(DriverManager.java:191)
	at org.eclipse.persistence.sessions.DefaultConnector.connect(DefaultConnector.java:102)
	... 13 more
Caused by: java.net.UnknownHostException: db
	at java.base/sun.nio.ch.NioSocketImpl.connect(NioSocketImpl.java:567)
	at java.base/java.net.SocksSocketImpl.connect(SocksSocketImpl.java:327)
	at java.base/java.net.Socket.connect(Socket.java:751)
	at org.postgresql.core.PGStream.createSocket(PGStream.java:243)
	at org.postgresql.core.PGStream.<init>(PGStream.java:98)
	at org.postgresql.core.v3.ConnectionFactoryImpl.tryConnect(ConnectionFactoryImpl.java:136)
	at org.postgresql.core.v3.ConnectionFactoryImpl.openConnectionImpl(ConnectionFactoryImpl.java:262)
	... 20 more
]]></error>
    <system-out><![CDATA[Producto testIT deleteProductoAndDetail
[EL Info]: 2025-04-09 11:03:31.757--ServerSession(327135649)--EclipseLink, version: Eclipse Persistence Services - 4.0.5.v202412231137-a96b873527f305f932543045c8679bb1de8d3a43
[EL Severe]: ejb: 2025-04-09 11:03:31.758--ServerSession(327135649)--Exception [EclipseLink-4002] (Eclipse Persistence Services - 4.0.5.v202412231137-a96b873527f305f932543045c8679bb1de8d3a43): org.eclipse.persistence.exceptions.DatabaseException
Internal Exception: org.postgresql.util.PSQLException: El intento de conexión falló.
Error Code: 0
]]></system-out>
  </testcase>
</testsuite>