<?xml version="1.0" encoding="UTF-8"?>
<testsuite xmlns:xsi="http://www.w3.org/2001/XMLSchema-instance" xsi:noNamespaceSchemaLocation="https://maven.apache.org/surefire/maven-failsafe-plugin/xsd/failsafe-test-report.xsd" version="3.0.2" name="sv.edu.ues.occ.ingenieria.tpi135_2025.boundary.resources.rest.PagoDetalleResourceSI" time="13.205" tests="5" errors="0" skipped="0" failures="0">
  <properties>
[...]
</properties>
  <testcase name="testCreate" classname="sv.edu.ues.occ.ingenieria.tpi135_2025.boundary.resources.rest.PagoDetalleResourceSI" time="0.892">
    <system-out><![CDATA[PagoDetalle testSI create

WARNING: Unknown module: jdk.management.agent specified to --add-exports
WARNING: Unknown module: jdk.attach specified to --add-exports
Launching defaultServer (Open Liberty 25.0.0.2/wlp-1.0.98.cl250220250209-1902) on Eclipse OpenJ9 VM, version 21.0.6+7-LTS (en_US)
[AUDIT   ] CWWKE0001I: The server defaultServer has been launched.
[AUDIT   ] CWWKG0093A: Processing configuration drop-ins resource: /opt/ol/wlp/usr/servers/defaultServer/configDropins/defaults/keystore.xml
[AUDIT   ] CWWKG0093A: Processing configuration drop-ins resource: /opt/ol/wlp/usr/servers/defaultServer/configDropins/defaults/open-default-port.xml
[WARNING ] CWWKS3103W: There are no users defined for the BasicRegistry configuration of ID com.ibm.ws.security.registry.basic.config[basic].
[AUDIT   ] CWWKZ0058I: Monitoring dropins for applications.
[AUDIT   ] CWWKS4104A: LTPA keys created in 0.366 seconds. LTPA key file: /opt/ol/wlp/output/defaultServer/resources/security/ltpa.keys
[AUDIT   ] CWPKI0803A: SSL certificate created in 0.880 seconds. SSL key file: /opt/ol/wlp/output/defaultServer/resources/security/key.p12
[AUDIT   ] CWWKI0001I: The CORBA name server is now available at corbaloc:iiop:localhost:2809/NameService.
[AUDIT   ] CWWKT0016I: Web application available (default_host): http://12340a3035ba:9080/PupaSv-1.0-SNAPSHOT/
[AUDIT   ] CWWKZ0001I: Application PupaSv-1.0-SNAPSHOT started in 2.910 seconds.
[AUDIT   ] CWWKF1037I: The server added the [appAuthentication-3.0, appAuthorization-2.1, appClientSupport-2.0, appSecurity-5.0, batch-2.1, beanValidation-3.0, cdi-4.0, concurrent-3.0, connectors-2.1, enterpriseBeans-4.0, enterpriseBeansHome-4.0, enterpriseBeansLite-4.0, enterpriseBeansPersistentTimer-4.0, enterpriseBeansRemote-4.0, expressionLanguage-5.0, faces-4.0, jakartaee-10.0, jsonb-3.0, jsonp-2.1, mail-2.1, managedBeans-2.0, mdb-4.0, messaging-3.1, messagingClient-3.0, messagingSecurity-3.0, messagingServer-3.0, pages-3.1, persistence-3.1, persistenceContainer-3.1, restfulWS-3.1, restfulWSClient-3.1, servlet-6.0, transportSecurity-1.0, webProfile-10.0, websocket-2.1, xmlBinding-4.0, xmlWS-4.0] features to the existing feature set.
[AUDIT   ] CWWKF0012I: The server installed the following features: [appAuthentication-3.0, appAuthorization-2.1, appClientSupport-2.0, appSecurity-5.0, batch-2.1, beanValidation-3.0, cdi-4.0, concurrent-3.0, connectors-2.1, distributedMap-1.0, enterpriseBeans-4.0, enterpriseBeansHome-4.0, enterpriseBeansLite-4.0, enterpriseBeansPersistentTimer-4.0, enterpriseBeansRemote-4.0, expressionLanguage-5.0, faces-4.0, jakartaee-10.0, jdbc-4.2, jndi-1.0, jsonb-3.0, jsonp-2.1, mail-2.1, managedBeans-2.0, mdb-4.0, messaging-3.1, messagingClient-3.0, messagingSecurity-3.0, messagingServer-3.0, pages-3.1, persistence-3.1, persistenceContainer-3.1, restfulWS-3.1, restfulWSClient-3.1, servlet-6.0, ssl-1.0, transportSecurity-1.0, webProfile-10.0, websocket-2.1, xmlBinding-4.0, xmlWS-4.0].
[AUDIT   ] CWWKF0013I: The server removed the following features: [appClientSupport-1.0, appSecurity-2.0, appSecurity-3.0, batch-1.0, beanValidation-2.0, cdi-2.0, concurrent-1.0, ejb-3.2, ejbHome-3.2, ejbLite-3.2, ejbPersistentTimer-3.2, ejbRemote-3.2, el-3.0, j2eeManagement-1.1, jacc-1.5, jaspic-1.1, javaMail-1.6, javaee-8.0, jaxb-2.2, jaxrs-2.1, jaxrsClient-2.1, jaxws-2.2, jca-1.7, jcaInboundSecurity-1.0, jms-2.0, jpa-2.2, jpaContainer-2.2, jsf-2.3, jsonb-1.0, jsonp-1.1, jsp-2.3, managedBeans-1.0, mdb-3.2, servlet-4.0, wasJmsClient-2.0, wasJmsSecurity-1.0, wasJmsServer-1.0, webProfile-8.0, websocket-1.1].
[AUDIT   ] CWWKF0011I: The defaultServer server is ready to run a smarter planet. The defaultServer server started in 7.677 seconds.

]]></system-out>
    <system-err><![CDATA[[main] INFO org.testcontainers.images.PullPolicy - Image pull policy will be performed by: DefaultPullPolicy()
[main] INFO org.testcontainers.utility.ImageNameSubstitutor - Image name substitution will be performed by: DefaultImageNameSubstitutor (composite of 'ConfigurationFileImageNameSubstitutor' and 'PrefixingImageNameSubstitutor')
[testcontainers-lifecycle-0] INFO org.testcontainers.DockerClientFactory - Testcontainers version: 1.20.4
[testcontainers-lifecycle-0] INFO org.testcontainers.dockerclient.DockerClientProviderStrategy - Loaded org.testcontainers.dockerclient.UnixSocketClientProviderStrategy from ~/.testcontainers.properties, will try it first
[testcontainers-lifecycle-0] INFO org.testcontainers.dockerclient.DockerClientProviderStrategy - Found Docker environment with local Unix socket (unix:///var/run/docker.sock)
[testcontainers-lifecycle-0] INFO org.testcontainers.DockerClientFactory - Docker host IP address is localhost
[testcontainers-lifecycle-0] INFO org.testcontainers.DockerClientFactory - Connected to docker: 
  Server Version: 28.0.1
  API Version: 1.48
  Operating System: Ubuntu 24.04.2 LTS
  Total Memory: 27931 MB
[testcontainers-lifecycle-0] INFO tc.testcontainers/ryuk:0.11.0 - Creating container for image: testcontainers/ryuk:0.11.0
[testcontainers-lifecycle-0] INFO org.testcontainers.utility.RegistryAuthLocator - Failure when attempting to lookup auth config. Please ignore if you don't have images in an authenticated registry. Details: (dockerImageName: testcontainers/ryuk:0.11.0, configFile: /home/mjlopez/.docker/config.json, configEnv: DOCKER_AUTH_CONFIG). Falling back to docker-java default behaviour. Exception message: Status 404: No config supplied. Checked in order: /home/mjlopez/.docker/config.json (file not found), DOCKER_AUTH_CONFIG (not set)
[testcontainers-lifecycle-0] INFO tc.testcontainers/ryuk:0.11.0 - Container testcontainers/ryuk:0.11.0 is starting: 507e1d16ea0a2aab9fdf9ae58942d1edb7e4d99301edde7146c12441adb19ac2
[testcontainers-lifecycle-0] INFO tc.testcontainers/ryuk:0.11.0 - Container testcontainers/ryuk:0.11.0 started in PT0.446866518S
[testcontainers-lifecycle-0] INFO org.testcontainers.utility.RyukResourceReaper - Ryuk started - will monitor and terminate Testcontainers containers on JVM exit
[testcontainers-lifecycle-0] INFO org.testcontainers.DockerClientFactory - Checking the system...
[testcontainers-lifecycle-0] INFO org.testcontainers.DockerClientFactory - ✔︎ Docker server version should be at least 1.6.0
[testcontainers-lifecycle-0] INFO tc.postgres:16-alpine - Creating container for image: postgres:16-alpine
[testcontainers-lifecycle-0] INFO tc.postgres:16-alpine - Container postgres:16-alpine is starting: 67b3a70f24edd9ce161dc72743b8800a44f32daa1814043499f19b658d768b5f
[testcontainers-lifecycle-0] INFO tc.postgres:16-alpine - Container postgres:16-alpine started in PT1.423275705S
[testcontainers-lifecycle-0] INFO tc.postgres:16-alpine - Container is started (JDBC URL: jdbc:postgresql://localhost:32959/Tipicos?loggerLevel=OFF)
[testcontainers-lifecycle-0] INFO org.testcontainers.ext.ScriptUtils - Executing database script from tipicos_tpi135_2025.sql
[testcontainers-lifecycle-0] INFO org.testcontainers.ext.ScriptUtils - Executed database script from tipicos_tpi135_2025.sql in 282 ms.
[main] INFO tc.liberty_app:latest - Creating container for image: liberty_app:latest
[main] INFO tc.liberty_app:latest - Container liberty_app:latest is starting: 12340a3035bae4c5e9cd869cec7bc92f41e1c1f4469ead23e1fdb353b8ef67dd
[main] INFO tc.liberty_app:latest - Container liberty_app:latest started in PT8.421329761S
abr 10, 2025 11:42:48 P. M. org.glassfish.jersey.client.innate.inject.NonInjectionManager <init>
ADVERTENCIA: Falling back to injection-less client.
]]></system-err>
  </testcase>
  <testcase name="testGetRange" classname="sv.edu.ues.occ.ingenieria.tpi135_2025.boundary.resources.rest.PagoDetalleResourceSI" time="0.158">
    <system-out><![CDATA[pagoDetalle  testSI getRange
]]></system-out>
  </testcase>
  <testcase name="testUpdate" classname="sv.edu.ues.occ.ingenieria.tpi135_2025.boundary.resources.rest.PagoDetalleResourceSI" time="0.04">
    <system-out><![CDATA[pagoDetalle  testSI update
]]></system-out>
  </testcase>
  <testcase name="testGetById" classname="sv.edu.ues.occ.ingenieria.tpi135_2025.boundary.resources.rest.PagoDetalleResourceSI" time="0.026">
    <system-out><![CDATA[pagoDetalle  testSI getById
]]></system-out>
  </testcase>
  <testcase name="testDelete" classname="sv.edu.ues.occ.ingenieria.tpi135_2025.boundary.resources.rest.PagoDetalleResourceSI" time="0.027">
    <system-out><![CDATA[pagoDetalle  testSI delete
]]></system-out>
  </testcase>
</testsuite>