<?xml version="1.0" encoding="UTF-8"?>
<testsuite xmlns:xsi="http://www.w3.org/2001/XMLSchema-instance" xsi:noNamespaceSchemaLocation="https://maven.apache.org/surefire/maven-failsafe-plugin/xsd/failsafe-test-report.xsd" version="3.0.2" name="sv.edu.ues.occ.ingenieria.tpi135_2025.control.OrdenDetalleBeanIT" time="9.429" tests="4" errors="0" skipped="0" failures="0">
  <properties>
[...]
</properties>
  <testcase name="testGenerarOrdenDetalleProducto" classname="sv.edu.ues.occ.ingenieria.tpi135_2025.control.OrdenDetalleBeanIT" time="2.302">
    <system-out><![CDATA[la conexion de potgres esta en : localhost
generarOrdenDetalleProducto
]]></system-out>
    <system-err><![CDATA[[main] INFO org.testcontainers.images.PullPolicy - Image pull policy will be performed by: DefaultPullPolicy()
[main] INFO org.testcontainers.utility.ImageNameSubstitutor - Image name substitution will be performed by: DefaultImageNameSubstitutor (composite of 'ConfigurationFileImageNameSubstitutor' and 'PrefixingImageNameSubstitutor')
[main] INFO org.testcontainers.DockerClientFactory - Testcontainers version: 1.20.4
[main] INFO org.testcontainers.dockerclient.DockerClientProviderStrategy - Loaded org.testcontainers.dockerclient.UnixSocketClientProviderStrategy from ~/.testcontainers.properties, will try it first
[main] INFO org.testcontainers.dockerclient.DockerClientProviderStrategy - Found Docker environment with local Unix socket (unix:///var/run/docker.sock)
[main] INFO org.testcontainers.DockerClientFactory - Docker host IP address is localhost
[main] INFO org.testcontainers.DockerClientFactory - Connected to docker: 
  Server Version: 20.10.24+dfsg1
  API Version: 1.41
  Operating System: Debian GNU/Linux 12 (bookworm)
  Total Memory: 15873 MB
[main] INFO tc.testcontainers/ryuk:0.11.0 - Creating container for image: testcontainers/ryuk:0.11.0
[main] INFO org.testcontainers.utility.RegistryAuthLocator - Failure when attempting to lookup auth config. Please ignore if you don't have images in an authenticated registry. Details: (dockerImageName: testcontainers/ryuk:0.11.0, configFile: /home/hdz/.docker/config.json, configEnv: DOCKER_AUTH_CONFIG). Falling back to docker-java default behaviour. Exception message: Status 404: No config supplied. Checked in order: /home/hdz/.docker/config.json (file not found), DOCKER_AUTH_CONFIG (not set)
[main] INFO tc.testcontainers/ryuk:0.11.0 - Container testcontainers/ryuk:0.11.0 is starting: 1aaca84b53b0580960043473102deb2030382486183fd9c0e2c96c2ca18d848d
[main] INFO tc.testcontainers/ryuk:0.11.0 - Container testcontainers/ryuk:0.11.0 started in PT0.866254599S
[main] INFO org.testcontainers.utility.RyukResourceReaper - Ryuk started - will monitor and terminate Testcontainers containers on JVM exit
[main] INFO org.testcontainers.DockerClientFactory - Checking the system...
[main] INFO org.testcontainers.DockerClientFactory - ✔︎ Docker server version should be at least 1.6.0
[main] INFO tc.postgres:16-alpine - Creating container for image: postgres:16-alpine
[main] INFO tc.postgres:16-alpine - Container postgres:16-alpine is starting: 0eda5a21e9fa15793cd7c1e5244a060fac1928af3a27a027d5e034fa3946c408
[main] INFO tc.postgres:16-alpine - Container postgres:16-alpine started in PT1.963322514S
[main] INFO tc.postgres:16-alpine - Container is started (JDBC URL: jdbc:postgresql://localhost:32811/tpi135_2025?loggerLevel=OFF)
[main] INFO org.testcontainers.ext.ScriptUtils - Executing database script from tipicos_tpi135_2025.sql
[main] INFO org.testcontainers.ext.ScriptUtils - Executed database script from tipicos_tpi135_2025.sql in 649 ms.
WARNING: A Java agent has been loaded dynamically (/home/hdz/.m2/repository/net/bytebuddy/byte-buddy-agent/1.14.15/byte-buddy-agent-1.14.15.jar)
WARNING: If a serviceability tool is in use, please run with -XX:+EnableDynamicAgentLoading to hide this warning
WARNING: If a serviceability tool is not in use, please run with -Djdk.instrument.traceUsage for more information
WARNING: Dynamic loading of agents will be disallowed by default in a future release
]]></system-err>
  </testcase>
  <testcase name="testGenerarOrdenDetalleDesdeCombo" classname="sv.edu.ues.occ.ingenieria.tpi135_2025.control.OrdenDetalleBeanIT" time="0.017">
    <system-out><![CDATA[generarOrdenDetalleDesdeCombo
]]></system-out>
  </testcase>
  <testcase name="testGenerarOrdenDetalleDesdeCombo_comboSinDetalles" classname="sv.edu.ues.occ.ingenieria.tpi135_2025.control.OrdenDetalleBeanIT" time="0.022">
    <system-out><![CDATA[generarOrdenDetalleDesdeCombo_comboSinDetalles
]]></system-out>
  </testcase>
  <testcase name="testGenerarOrdenDetalleMixto" classname="sv.edu.ues.occ.ingenieria.tpi135_2025.control.OrdenDetalleBeanIT" time="0.018">
    <system-out><![CDATA[generarOrdenDetalleMixto
]]></system-out>
  </testcase>
</testsuite>