<?xml version="1.0" encoding="UTF-8"?>
<testsuite xmlns:xsi="http://www.w3.org/2001/XMLSchema-instance" xsi:noNamespaceSchemaLocation="https://maven.apache.org/surefire/maven-failsafe-plugin/xsd/failsafe-test-report.xsd" version="3.0.2" name="sv.edu.ues.occ.ingenieria.tpi135_2025.control.ComboDetalleBeanIT" time="6.847" tests="1" errors="0" skipped="0" failures="1">
  <properties>
[...]
</properties>
  <testcase name="create" classname="sv.edu.ues.occ.ingenieria.tpi135_2025.control.ComboDetalleBeanIT" time="0.132">
    <failure message="Excepción inesperada: Exception [EclipseLink-4002] (Eclipse Persistence Services - 4.0.5.v202412231137-a96b873527f305f932543045c8679bb1de8d3a43): org.eclipse.persistence.exceptions.DatabaseException&#10;Internal Exception: org.postgresql.util.PSQLException: ERROR: insert or update on table &quot;combo_detalle&quot; violates foreign key constraint &quot;fk_combo_detalle_combo&quot;&#10;  Detail: Key (id_combo)=(1004) is not present in table &quot;combo&quot;.&#10;Error Code: 0&#10;Call: INSERT INTO combo_detalle (activo, cantidad, id_combo, id_producto) VALUES (?, ?, ?, ?)&#10;	bind =&gt; [4 parameters bound]&#10;Query: InsertObjectQuery(com.mycompany.extreciondeentities.entities.ComboDetalle[ comboDetallePK=com.mycompany.extreciondeentities.entities.ComboDetallePK[ idCombo=1004, idProducto=1002 ] ])" type="org.opentest4j.AssertionFailedError"><![CDATA[org.opentest4j.AssertionFailedError: 
Excepción inesperada: Exception [EclipseLink-4002] (Eclipse Persistence Services - 4.0.5.v202412231137-a96b873527f305f932543045c8679bb1de8d3a43): org.eclipse.persistence.exceptions.DatabaseException
Internal Exception: org.postgresql.util.PSQLException: ERROR: insert or update on table "combo_detalle" violates foreign key constraint "fk_combo_detalle_combo"
  Detail: Key (id_combo)=(1004) is not present in table "combo".
Error Code: 0
Call: INSERT INTO combo_detalle (activo, cantidad, id_combo, id_producto) VALUES (?, ?, ?, ?)
	bind => [4 parameters bound]
Query: InsertObjectQuery(com.mycompany.extreciondeentities.entities.ComboDetalle[ comboDetallePK=com.mycompany.extreciondeentities.entities.ComboDetallePK[ idCombo=1004, idProducto=1002 ] ])
	at org.junit.jupiter.api.AssertionUtils.fail(AssertionUtils.java:38)
	at org.junit.jupiter.api.Assertions.fail(Assertions.java:138)
	at sv.edu.ues.occ.ingenieria.tpi135_2025.control.ComboDetalleBeanIT.create(ComboDetalleBeanIT.java:70)
	at java.base/java.lang.reflect.Method.invoke(Method.java:580)
	at java.base/java.util.ArrayList.forEach(ArrayList.java:1596)
	at java.base/java.util.ArrayList.forEach(ArrayList.java:1596)
]]></failure>
    <system-out><![CDATA[Puerto Mapeado: 32773
[EL Info]: 2025-04-09 16:16:31.201--ServerSession(1689743775)--EclipseLink, version: Eclipse Persistence Services - 4.0.5.v202412231137-a96b873527f305f932543045c8679bb1de8d3a43
ComboDetalle testIT create
[EL Warning]: 2025-04-09 16:16:31.704--UnitOfWork(51805197)--Exception [EclipseLink-4002] (Eclipse Persistence Services - 4.0.5.v202412231137-a96b873527f305f932543045c8679bb1de8d3a43): org.eclipse.persistence.exceptions.DatabaseException
Internal Exception: org.postgresql.util.PSQLException: ERROR: insert or update on table "combo_detalle" violates foreign key constraint "fk_combo_detalle_combo"
  Detail: Key (id_combo)=(1004) is not present in table "combo".
Error Code: 0
Call: INSERT INTO combo_detalle (activo, cantidad, id_combo, id_producto) VALUES (?, ?, ?, ?)
	bind => [4 parameters bound]
Query: InsertObjectQuery(com.mycompany.extreciondeentities.entities.ComboDetalle[ comboDetallePK=com.mycompany.extreciondeentities.entities.ComboDetallePK[ idCombo=1004, idProducto=1002 ] ])
]]></system-out>
    <system-err><![CDATA[[main] INFO org.testcontainers.images.PullPolicy - Image pull policy will be performed by: DefaultPullPolicy()
[main] INFO org.testcontainers.utility.ImageNameSubstitutor - Image name substitution will be performed by: DefaultImageNameSubstitutor (composite of 'ConfigurationFileImageNameSubstitutor' and 'PrefixingImageNameSubstitutor')
[main] INFO org.testcontainers.DockerClientFactory - Testcontainers version: 1.20.4
[main] INFO org.testcontainers.dockerclient.DockerClientProviderStrategy - Loaded org.testcontainers.dockerclient.UnixSocketClientProviderStrategy from ~/.testcontainers.properties, will try it first
[main] INFO org.testcontainers.dockerclient.DockerClientProviderStrategy - Found Docker environment with local Unix socket (unix:///var/run/docker.sock)
[main] INFO org.testcontainers.DockerClientFactory - Docker host IP address is localhost
[main] INFO org.testcontainers.DockerClientFactory - Connected to docker: 
  Server Version: 20.10.24+dfsg1
  API Version: 1.41
  Operating System: Debian GNU/Linux 12 (bookworm)
  Total Memory: 15873 MB
[main] INFO tc.testcontainers/ryuk:0.11.0 - Creating container for image: testcontainers/ryuk:0.11.0
[main] INFO org.testcontainers.utility.RegistryAuthLocator - Failure when attempting to lookup auth config. Please ignore if you don't have images in an authenticated registry. Details: (dockerImageName: testcontainers/ryuk:0.11.0, configFile: /home/hdz/.docker/config.json, configEnv: DOCKER_AUTH_CONFIG). Falling back to docker-java default behaviour. Exception message: Status 404: No config supplied. Checked in order: /home/hdz/.docker/config.json (file not found), DOCKER_AUTH_CONFIG (not set)
[main] INFO tc.testcontainers/ryuk:0.11.0 - Container testcontainers/ryuk:0.11.0 is starting: de0c722956597247c3dac39f6e36549d4e2ce05f3c7da7dbeb16d7e39422c922
[main] INFO tc.testcontainers/ryuk:0.11.0 - Container testcontainers/ryuk:0.11.0 started in PT0.746942746S
[main] INFO org.testcontainers.utility.RyukResourceReaper - Ryuk started - will monitor and terminate Testcontainers containers on JVM exit
[main] INFO org.testcontainers.DockerClientFactory - Checking the system...
[main] INFO org.testcontainers.DockerClientFactory - ✔︎ Docker server version should be at least 1.6.0
[main] INFO tc.postgres:16-alpine - Creating container for image: postgres:16-alpine
[main] INFO tc.postgres:16-alpine - Container postgres:16-alpine is starting: 85fa84626ba0bb58059cfc9c66ef85a93f54982c16efff80a314c8451a56211d
[main] INFO tc.postgres:16-alpine - Container postgres:16-alpine started in PT1.958986051S
[main] INFO tc.postgres:16-alpine - Container is started (JDBC URL: jdbc:postgresql://localhost:32773/tpi135_2025?loggerLevel=OFF)
[main] INFO org.testcontainers.ext.ScriptUtils - Executing database script from tipicos_tpi135_2025.sql
[main] INFO org.testcontainers.ext.ScriptUtils - Executed database script from tipicos_tpi135_2025.sql in 512 ms.
]]></system-err>
  </testcase>
</testsuite>